;  LST file generated by mikroListExporter - v.2.0 
; Date/Time: 13/11/2016 03:52:34 p. m.
;----------------------------------------------

;Address Opcode 	ASM
0x0000	0x2C56      	GOTO       1110
_I2C1_Is_Idle:
;__Lib_I2C_b14b25.c,13 :: 		
;__Lib_I2C_b14b25.c,14 :: 		
0x0003	0x0024      	MOVLB      4
0x0004	0x1914      	BTFSC      SSP1STAT, 2
0x0005	0x2810      	GOTO       L_I2C1_Is_Idle0
;__Lib_I2C_b14b25.c,15 :: 		
0x0006	0x301F      	MOVLW      31
0x0007	0x0516      	ANDWF      SSP1CON2, 0
0x0008	0x00F1      	MOVWF      R1
0x0009	0x0871      	MOVF       R1, 0
0x000A	0x3A00      	XORLW      0
0x000B	0x1D03      	BTFSS      STATUS, 2
0x000C	0x2810      	GOTO       L_I2C1_Is_Idle1
;__Lib_I2C_b14b25.c,16 :: 		
0x000D	0x3001      	MOVLW      1
0x000E	0x00F0      	MOVWF      R0
0x000F	0x2811      	GOTO       L_end_I2C1_Is_Idle
L_I2C1_Is_Idle1:
L_I2C1_Is_Idle0:
;__Lib_I2C_b14b25.c,17 :: 		
0x0010	0x01F0      	CLRF       R0
;__Lib_I2C_b14b25.c,18 :: 		
L_end_I2C1_Is_Idle:
0x0011	0x0008      	RETURN
; end of _I2C1_Is_Idle
_Div_16x16_U:
;__Lib_Math.c,213 :: 		
;__Lib_Math.c,220 :: 		
0x0012	0x0020      	MOVLB      0
;__Lib_Math.c,221 :: 		
0x0013	0x01F8      	CLRF       R8
;__Lib_Math.c,222 :: 		
0x0014	0x01F9      	CLRF       R9
;__Lib_Math.c,223 :: 		
0x0015	0x3010      	MOVLW      16
;__Lib_Math.c,224 :: 		
0x0016	0x00FC      	MOVWF      R12
;__Lib_Math.c,225 :: 		
0x0017	0x0D71      	RLF        R1, 0
;__Lib_Math.c,226 :: 		
0x0018	0x0DF8      	RLF        R8, 1
;__Lib_Math.c,227 :: 		
0x0019	0x0DF9      	RLF        R9, 1
;__Lib_Math.c,228 :: 		
0x001A	0x0874      	MOVF       R4, 0
;__Lib_Math.c,229 :: 		
0x001B	0x02F8      	SUBWF      R8, 1
;__Lib_Math.c,230 :: 		
0x001C	0x0875      	MOVF       R5, 0
;__Lib_Math.c,231 :: 		
0x001D	0x1C03      	BTFSS      STATUS, 0
;__Lib_Math.c,232 :: 		
0x001E	0x0F75      	INCFSZ     R5, 0
;__Lib_Math.c,233 :: 		
0x001F	0x02F9      	SUBWF      R9, 1
;__Lib_Math.c,234 :: 		
0x0020	0x1803      	BTFSC      STATUS, 0
;__Lib_Math.c,235 :: 		
0x0021	0x2829      	GOTO       $+8
;__Lib_Math.c,236 :: 		
0x0022	0x0874      	MOVF       R4, 0
;__Lib_Math.c,237 :: 		
0x0023	0x07F8      	ADDWF      R8, 1
;__Lib_Math.c,238 :: 		
0x0024	0x0875      	MOVF       R5, 0
;__Lib_Math.c,239 :: 		
0x0025	0x1803      	BTFSC      STATUS, 0
;__Lib_Math.c,240 :: 		
0x0026	0x0F75      	INCFSZ     R5, 0
;__Lib_Math.c,241 :: 		
0x0027	0x07F9      	ADDWF      R9, 1
;__Lib_Math.c,242 :: 		
0x0028	0x1003      	BCF        STATUS, 0
;__Lib_Math.c,243 :: 		
0x0029	0x0DF0      	RLF        R0, 1
;__Lib_Math.c,244 :: 		
0x002A	0x0DF1      	RLF        R1, 1
;__Lib_Math.c,245 :: 		
0x002B	0x0BFC      	DECFSZ     R12, 1
;__Lib_Math.c,246 :: 		
0x002C	0x2817      	GOTO       $-21
;__Lib_Math.c,248 :: 		
L_end_Div_16x16_U:
0x002D	0x0008      	RETURN
; end of _Div_16x16_U
_I2C1_Stop:
;__Lib_I2C_b14b25.c,89 :: 		
;__Lib_I2C_b14b25.c,90 :: 		
0x002E	0x0024      	MOVLB      4
0x002F	0x1516      	BSF        SSP1CON2, 2
;__Lib_I2C_b14b25.c,91 :: 		
L_end_I2C1_Stop:
0x0030	0x0008      	RETURN
; end of _I2C1_Stop
_UART1_Write:
;__Lib_UART_b21.c,53 :: 		
;__Lib_UART_b21.c,54 :: 		
L_UART1_Write3:
0x0031	0x0023      	MOVLB      3
0x0032	0x189E      	BTFSC      TXSTA, 1
0x0033	0x2836      	GOTO       L_UART1_Write4
;__Lib_UART_b21.c,55 :: 		
0x0034	0x0000      	NOP
0x0035	0x2831      	GOTO       L_UART1_Write3
L_UART1_Write4:
;__Lib_UART_b21.c,56 :: 		
0x0036	0x0022      	MOVLB      2
0x0037	0x0831      	MOVF       FARG_UART1_Write_data_, 0
0x0038	0x0023      	MOVLB      3
0x0039	0x009A      	MOVWF      TXREG
;__Lib_UART_b21.c,57 :: 		
L_end_UART1_Write:
0x003A	0x0008      	RETURN
; end of _UART1_Write
_WordToStr:
;__Lib_Conversions.c,84 :: 		
;__Lib_Conversions.c,89 :: 		
0x003B	0x0022      	MOVLB      2
0x003C	0x01B5      	CLRF       WordToStr_len_L0
L_WordToStr6:
0x003D	0x3005      	MOVLW      5
0x003E	0x0235      	SUBWF      WordToStr_len_L0, 0
0x003F	0x1803      	BTFSC      STATUS, 0
0x0040	0x284B      	GOTO       L_WordToStr7
;__Lib_Conversions.c,90 :: 		
0x0041	0x0835      	MOVF       WordToStr_len_L0, 0
0x0042	0x0733      	ADDWF      FARG_WordToStr_output, 0
0x0043	0x0086      	MOVWF      FSR1
0x0044	0x3000      	MOVLW      0
0x0045	0x3D34      	ADDWFC     FARG_WordToStr_output+1, 0
0x0046	0x0087      	MOVWF      FSR1H
0x0047	0x3020      	MOVLW      32
0x0048	0x0081      	MOVWF      INDF1
;__Lib_Conversions.c,89 :: 		
0x0049	0x0AB5      	INCF       WordToStr_len_L0, 1
;__Lib_Conversions.c,90 :: 		
0x004A	0x283D      	GOTO       L_WordToStr6
L_WordToStr7:
;__Lib_Conversions.c,91 :: 		
0x004B	0x0835      	MOVF       WordToStr_len_L0, 0
0x004C	0x0733      	ADDWF      FARG_WordToStr_output, 0
0x004D	0x0086      	MOVWF      FSR1
0x004E	0x3000      	MOVLW      0
0x004F	0x3D34      	ADDWFC     FARG_WordToStr_output+1, 0
0x0050	0x0087      	MOVWF      FSR1H
0x0051	0x0181      	CLRF       INDF1
0x0052	0x03B5      	DECF       WordToStr_len_L0, 1
;__Lib_Conversions.c,93 :: 		
L_WordToStr9:
;__Lib_Conversions.c,94 :: 		
0x0053	0x0835      	MOVF       WordToStr_len_L0, 0
0x0054	0x0733      	ADDWF      FARG_WordToStr_output, 0
0x0055	0x00B6      	MOVWF      FLOC__WordToStr
0x0056	0x3000      	MOVLW      0
0x0057	0x3D34      	ADDWFC     FARG_WordToStr_output+1, 0
0x0058	0x00B7      	MOVWF      FLOC__WordToStr+1
0x0059	0x300A      	MOVLW      10
0x005A	0x00F4      	MOVWF      R4
0x005B	0x01F5      	CLRF       R5
0x005C	0x0831      	MOVF       FARG_WordToStr_input, 0
0x005D	0x00F0      	MOVWF      R0
0x005E	0x0832      	MOVF       FARG_WordToStr_input+1, 0
0x005F	0x00F1      	MOVWF      R1
0x0060	0x2012      	CALL       _Div_16x16_U
0x0061	0x0878      	MOVF       R8, 0
0x0062	0x00F0      	MOVWF      R0
0x0063	0x0879      	MOVF       R9, 0
0x0064	0x00F1      	MOVWF      R1
0x0065	0x3030      	MOVLW      48
0x0066	0x07F0      	ADDWF      R0, 1
0x0067	0x0022      	MOVLB      2
0x0068	0x0836      	MOVF       FLOC__WordToStr, 0
0x0069	0x0086      	MOVWF      FSR1
0x006A	0x0837      	MOVF       FLOC__WordToStr+1, 0
0x006B	0x0087      	MOVWF      FSR1H
0x006C	0x0870      	MOVF       R0, 0
0x006D	0x0081      	MOVWF      INDF1
;__Lib_Conversions.c,95 :: 		
0x006E	0x300A      	MOVLW      10
0x006F	0x00F4      	MOVWF      R4
0x0070	0x01F5      	CLRF       R5
0x0071	0x0831      	MOVF       FARG_WordToStr_input, 0
0x0072	0x00F0      	MOVWF      R0
0x0073	0x0832      	MOVF       FARG_WordToStr_input+1, 0
0x0074	0x00F1      	MOVWF      R1
0x0075	0x2012      	CALL       _Div_16x16_U
0x0076	0x0870      	MOVF       R0, 0
0x0077	0x0022      	MOVLB      2
0x0078	0x00B1      	MOVWF      FARG_WordToStr_input
0x0079	0x0871      	MOVF       R1, 0
0x007A	0x00B2      	MOVWF      FARG_WordToStr_input+1
;__Lib_Conversions.c,96 :: 		
0x007B	0x3000      	MOVLW      0
0x007C	0x0671      	XORWF      R1, 0
0x007D	0x1D03      	BTFSS      STATUS, 2
0x007E	0x2881      	GOTO       L__WordToStr109
0x007F	0x3000      	MOVLW      0
0x0080	0x0670      	XORWF      R0, 0
L__WordToStr109:
0x0081	0x1D03      	BTFSS      STATUS, 2
0x0082	0x2884      	GOTO       L_WordToStr11
;__Lib_Conversions.c,97 :: 		
0x0083	0x2886      	GOTO       L_WordToStr10
L_WordToStr11:
;__Lib_Conversions.c,98 :: 		
0x0084	0x03B5      	DECF       WordToStr_len_L0, 1
;__Lib_Conversions.c,99 :: 		
0x0085	0x2853      	GOTO       L_WordToStr9
L_WordToStr10:
;__Lib_Conversions.c,100 :: 		
L_end_WordToStr:
0x0086	0x0008      	RETURN
; end of _WordToStr
_I2C1_Start:
;__Lib_I2C_b14b25.c,20 :: 		
;__Lib_I2C_b14b25.c,23 :: 		
0x0087	0x0022      	MOVLB      2
0x0088	0x01B1      	CLRF       I2C1_Start_j_L0
0x0089	0x01B2      	CLRF       I2C1_Start_j_L0+1
L_I2C1_Start2:
0x008A	0x0832      	MOVF       I2C1_Start_j_L0+1, 0
0x008B	0x3C12      	SUBLW      18
0x008C	0x1D03      	BTFSS      STATUS, 2
0x008D	0x2890      	GOTO       L__I2C1_Start51
0x008E	0x0831      	MOVF       I2C1_Start_j_L0, 0
0x008F	0x3C8E      	SUBLW      142
L__I2C1_Start51:
0x0090	0x1C03      	BTFSS      STATUS, 0
0x0091	0x289C      	GOTO       L_I2C1_Start3
;__Lib_I2C_b14b25.c,24 :: 		
0x0092	0x2003      	CALL       _I2C1_Is_Idle
0x0093	0x0870      	MOVF       R0, 0
0x0094	0x1903      	BTFSC      STATUS, 2
0x0095	0x2897      	GOTO       L_I2C1_Start5
;__Lib_I2C_b14b25.c,25 :: 		
0x0096	0x289C      	GOTO       L_I2C1_Start3
L_I2C1_Start5:
;__Lib_I2C_b14b25.c,23 :: 		
0x0097	0x0022      	MOVLB      2
0x0098	0x0AB1      	INCF       I2C1_Start_j_L0, 1
0x0099	0x1903      	BTFSC      STATUS, 2
0x009A	0x0AB2      	INCF       I2C1_Start_j_L0+1, 1
;__Lib_I2C_b14b25.c,26 :: 		
0x009B	0x288A      	GOTO       L_I2C1_Start2
L_I2C1_Start3:
0x009C	0x0022      	MOVLB      2
;__Lib_I2C_b14b25.c,28 :: 		
0x009D	0x3012      	MOVLW      18
0x009E	0x0232      	SUBWF      I2C1_Start_j_L0+1, 0
0x009F	0x1D03      	BTFSS      STATUS, 2
0x00A0	0x28A3      	GOTO       L__I2C1_Start52
0x00A1	0x308F      	MOVLW      143
0x00A2	0x0231      	SUBWF      I2C1_Start_j_L0, 0
L__I2C1_Start52:
0x00A3	0x1C03      	BTFSS      STATUS, 0
0x00A4	0x28A8      	GOTO       L_I2C1_Start6
;__Lib_I2C_b14b25.c,29 :: 		
0x00A5	0x307B      	MOVLW      123
0x00A6	0x00F0      	MOVWF      R0
0x00A7	0x28AE      	GOTO       L_end_I2C1_Start
L_I2C1_Start6:
;__Lib_I2C_b14b25.c,31 :: 		
0x00A8	0x0024      	MOVLB      4
0x00A9	0x1416      	BSF        SSP1CON2, 0
;__Lib_I2C_b14b25.c,32 :: 		
L_I2C1_Start8:
0x00AA	0x1C16      	BTFSS      SSP1CON2, 0
0x00AB	0x28AD      	GOTO       L_I2C1_Start9
;__Lib_I2C_b14b25.c,33 :: 		
0x00AC	0x28AA      	GOTO       L_I2C1_Start8
L_I2C1_Start9:
;__Lib_I2C_b14b25.c,34 :: 		
0x00AD	0x01F0      	CLRF       R0
;__Lib_I2C_b14b25.c,36 :: 		
L_end_I2C1_Start:
0x00AE	0x0008      	RETURN
; end of _I2C1_Start
_I2C1_Rd:
;__Lib_I2C_b14b25.c,44 :: 		
;__Lib_I2C_b14b25.c,47 :: 		
0x00AF	0x0020      	MOVLB      0
0x00B0	0x1191      	BCF        PIR1, 3
;__Lib_I2C_b14b25.c,48 :: 		
0x00B1	0x0024      	MOVLB      4
0x00B2	0x1596      	BSF        SSP1CON2, 3
;__Lib_I2C_b14b25.c,50 :: 		
L_I2C1_Rd12:
0x00B3	0x0020      	MOVLB      0
0x00B4	0x1991      	BTFSC      PIR1, 3
0x00B5	0x28B7      	GOTO       L_I2C1_Rd13
;__Lib_I2C_b14b25.c,51 :: 		
0x00B6	0x28B3      	GOTO       L_I2C1_Rd12
L_I2C1_Rd13:
;__Lib_I2C_b14b25.c,53 :: 		
0x00B7	0x0024      	MOVLB      4
0x00B8	0x0811      	MOVF       SSP1BUF, 0
0x00B9	0x00F1      	MOVWF      R1
;__Lib_I2C_b14b25.c,54 :: 		
0x00BA	0x0022      	MOVLB      2
0x00BB	0x0831      	MOVF       FARG_I2C1_Rd_ack, 0
0x00BC	0x3A00      	XORLW      0
0x00BD	0x1D03      	BTFSS      STATUS, 2
0x00BE	0x28C2      	GOTO       L_I2C1_Rd14
;__Lib_I2C_b14b25.c,55 :: 		
0x00BF	0x0024      	MOVLB      4
0x00C0	0x1696      	BSF        SSP1CON2, 5
0x00C1	0x28C4      	GOTO       L_I2C1_Rd15
L_I2C1_Rd14:
0x00C2	0x0024      	MOVLB      4
;__Lib_I2C_b14b25.c,57 :: 		
0x00C3	0x1296      	BCF        SSP1CON2, 5
L_I2C1_Rd15:
;__Lib_I2C_b14b25.c,59 :: 		
0x00C4	0x0020      	MOVLB      0
0x00C5	0x1191      	BCF        PIR1, 3
;__Lib_I2C_b14b25.c,60 :: 		
0x00C6	0x0024      	MOVLB      4
0x00C7	0x1616      	BSF        SSP1CON2, 4
;__Lib_I2C_b14b25.c,62 :: 		
L_I2C1_Rd16:
0x00C8	0x0020      	MOVLB      0
0x00C9	0x1991      	BTFSC      PIR1, 3
0x00CA	0x28CC      	GOTO       L_I2C1_Rd17
;__Lib_I2C_b14b25.c,63 :: 		
0x00CB	0x28C8      	GOTO       L_I2C1_Rd16
L_I2C1_Rd17:
;__Lib_I2C_b14b25.c,65 :: 		
0x00CC	0x0871      	MOVF       R1, 0
0x00CD	0x00F0      	MOVWF      R0
;__Lib_I2C_b14b25.c,66 :: 		
L_end_I2C1_Rd:
0x00CE	0x0008      	RETURN
; end of _I2C1_Rd
_I2C1_Wr:
;__Lib_I2C_b14b25.c,68 :: 		
;__Lib_I2C_b14b25.c,70 :: 		
0x00CF	0x0020      	MOVLB      0
0x00D0	0x1191      	BCF        PIR1, 3
;__Lib_I2C_b14b25.c,71 :: 		
0x00D1	0x0022      	MOVLB      2
0x00D2	0x0831      	MOVF       FARG_I2C1_Wr_data_, 0
0x00D3	0x0024      	MOVLB      4
0x00D4	0x0091      	MOVWF      SSP1BUF
;__Lib_I2C_b14b25.c,73 :: 		
L_I2C1_Wr18:
0x00D5	0x1D14      	BTFSS      SSP1STAT, 2
0x00D6	0x28D8      	GOTO       L_I2C1_Wr19
;__Lib_I2C_b14b25.c,74 :: 		
0x00D7	0x28D5      	GOTO       L_I2C1_Wr18
L_I2C1_Wr19:
;__Lib_I2C_b14b25.c,76 :: 		
L_I2C1_Wr20:
0x00D8	0x0020      	MOVLB      0
0x00D9	0x1991      	BTFSC      PIR1, 3
0x00DA	0x28DC      	GOTO       L_I2C1_Wr21
;__Lib_I2C_b14b25.c,77 :: 		
0x00DB	0x28D8      	GOTO       L_I2C1_Wr20
L_I2C1_Wr21:
;__Lib_I2C_b14b25.c,79 :: 		
0x00DC	0x0024      	MOVLB      4
0x00DD	0x1B16      	BTFSC      SSP1CON2, 6
0x00DE	0x28E1      	GOTO       L_I2C1_Wr22
;__Lib_I2C_b14b25.c,80 :: 		
0x00DF	0x01F0      	CLRF       R0
0x00E0	0x28E4      	GOTO       L_end_I2C1_Wr
;__Lib_I2C_b14b25.c,81 :: 		
L_I2C1_Wr22:
;__Lib_I2C_b14b25.c,83 :: 		
0x00E1	0x1516      	BSF        SSP1CON2, 2
;__Lib_I2C_b14b25.c,84 :: 		
0x00E2	0x3002      	MOVLW      2
0x00E3	0x00F0      	MOVWF      R0
;__Lib_I2C_b14b25.c,86 :: 		
L_end_I2C1_Wr:
0x00E4	0x0008      	RETURN
; end of _I2C1_Wr
_UART1_Write_Text:
;__Lib_UART_b21.c,61 :: 		
;__Lib_UART_b21.c,62 :: 		
0x00E5	0x0022      	MOVLB      2
0x00E6	0x01AA      	CLRF       UART1_Write_Text_counter_L0
;__Lib_UART_b21.c,64 :: 		
0x00E7	0x0827      	MOVF       FARG_UART1_Write_Text_uart_text, 0
0x00E8	0x0084      	MOVWF      FSR0
0x00E9	0x0828      	MOVF       FARG_UART1_Write_Text_uart_text+1, 0
0x00EA	0x0085      	MOVWF      FSR0H
0x00EB	0x0800      	MOVF       INDF0, 0
0x00EC	0x00A9      	MOVWF      UART1_Write_Text_data__L0
;__Lib_UART_b21.c,65 :: 		
L_UART1_Write_Text5:
0x00ED	0x0829      	MOVF       UART1_Write_Text_data__L0, 0
0x00EE	0x3A00      	XORLW      0
0x00EF	0x1903      	BTFSC      STATUS, 2
0x00F0	0x28FF      	GOTO       L_UART1_Write_Text6
;__Lib_UART_b21.c,66 :: 		
0x00F1	0x0829      	MOVF       UART1_Write_Text_data__L0, 0
0x00F2	0x00B1      	MOVWF      FARG_UART1_Write_data_
0x00F3	0x2031      	CALL       _UART1_Write
;__Lib_UART_b21.c,67 :: 		
0x00F4	0x0022      	MOVLB      2
0x00F5	0x0AAA      	INCF       UART1_Write_Text_counter_L0, 1
;__Lib_UART_b21.c,68 :: 		
0x00F6	0x082A      	MOVF       UART1_Write_Text_counter_L0, 0
0x00F7	0x0727      	ADDWF      FARG_UART1_Write_Text_uart_text, 0
0x00F8	0x0084      	MOVWF      FSR0
0x00F9	0x3000      	MOVLW      0
0x00FA	0x3D28      	ADDWFC     FARG_UART1_Write_Text_uart_text+1, 0
0x00FB	0x0085      	MOVWF      FSR0H
0x00FC	0x0800      	MOVF       INDF0, 0
0x00FD	0x00A9      	MOVWF      UART1_Write_Text_data__L0
;__Lib_UART_b21.c,69 :: 		
0x00FE	0x28ED      	GOTO       L_UART1_Write_Text5
L_UART1_Write_Text6:
;__Lib_UART_b21.c,70 :: 		
L_end_UART1_Write_Text:
0x00FF	0x0008      	RETURN
; end of _UART1_Write_Text
_HMC5883L_write:
;GY85.c,103 :: 		void HMC5883L_write(unsigned char reg_address, unsigned char value)
;GY85.c,105 :: 		I2C1_Start();
0x0100	0x2087      	CALL       _I2C1_Start
;GY85.c,106 :: 		I2C1_Wr(HMC5883L_WRITE_ADDR);
0x0101	0x303C      	MOVLW      60
0x0102	0x0022      	MOVLB      2
0x0103	0x00B1      	MOVWF      FARG_I2C1_Wr_data_
0x0104	0x20CF      	CALL       _I2C1_Wr
;GY85.c,107 :: 		I2C1_Wr(reg_address);
0x0105	0x0022      	MOVLB      2
0x0106	0x0827      	MOVF       FARG_HMC5883L_write_reg_address, 0
0x0107	0x00B1      	MOVWF      FARG_I2C1_Wr_data_
0x0108	0x20CF      	CALL       _I2C1_Wr
;GY85.c,108 :: 		I2C1_Wr(value);
0x0109	0x0022      	MOVLB      2
0x010A	0x0828      	MOVF       FARG_HMC5883L_write_value, 0
0x010B	0x00B1      	MOVWF      FARG_I2C1_Wr_data_
0x010C	0x20CF      	CALL       _I2C1_Wr
;GY85.c,109 :: 		I2C1_Stop();
0x010D	0x202E      	CALL       _I2C1_Stop
;GY85.c,110 :: 		}
L_end_HMC5883L_write:
0x010E	0x0008      	RETURN
; end of _HMC5883L_write
_accel_Read_Byte:
;GY85.c,39 :: 		unsigned short accel_Read_Byte(unsigned short address_sensor,unsigned short register_address) {
;GY85.c,40 :: 		unsigned short Data_Read = 0;
0x010F	0x0022      	MOVLB      2
0x0110	0x01A9      	CLRF       accel_Read_Byte_Data_Read_L0
;GY85.c,42 :: 		I2C1_Start();
0x0111	0x2087      	CALL       _I2C1_Start
;GY85.c,43 :: 		I2C1_Wr(address_sensor);
0x0112	0x0022      	MOVLB      2
0x0113	0x0827      	MOVF       FARG_accel_Read_Byte_address_sensor, 0
0x0114	0x00B1      	MOVWF      FARG_I2C1_Wr_data_
0x0115	0x20CF      	CALL       _I2C1_Wr
;GY85.c,44 :: 		I2C1_Wr(register_address);
0x0116	0x0022      	MOVLB      2
0x0117	0x0828      	MOVF       FARG_accel_Read_Byte_register_address, 0
0x0118	0x00B1      	MOVWF      FARG_I2C1_Wr_data_
0x0119	0x20CF      	CALL       _I2C1_Wr
;GY85.c,46 :: 		I2C1_Start();
0x011A	0x2087      	CALL       _I2C1_Start
;GY85.c,47 :: 		I2C1_Wr(address_sensor+1);
0x011B	0x0022      	MOVLB      2
0x011C	0x0A27      	INCF       FARG_accel_Read_Byte_address_sensor, 0
0x011D	0x00B1      	MOVWF      FARG_I2C1_Wr_data_
0x011E	0x20CF      	CALL       _I2C1_Wr
;GY85.c,48 :: 		Data_Read = I2C1_Rd(0);
0x011F	0x0022      	MOVLB      2
0x0120	0x01B1      	CLRF       FARG_I2C1_Rd_ack
0x0121	0x20AF      	CALL       _I2C1_Rd
0x0122	0x0870      	MOVF       R0, 0
0x0123	0x0022      	MOVLB      2
0x0124	0x00A9      	MOVWF      accel_Read_Byte_Data_Read_L0
;GY85.c,49 :: 		I2C1_Stop();
0x0125	0x202E      	CALL       _I2C1_Stop
;GY85.c,51 :: 		return Data_Read;
0x0126	0x0022      	MOVLB      2
0x0127	0x0829      	MOVF       accel_Read_Byte_Data_Read_L0, 0
0x0128	0x00F0      	MOVWF      R0
;GY85.c,52 :: 		}
L_end_accel_Read_Byte:
0x0129	0x0008      	RETURN
; end of _accel_Read_Byte
_IntToStr:
;__Lib_Conversions.c,146 :: 		
;__Lib_Conversions.c,152 :: 		
0x012A	0x0022      	MOVLB      2
0x012B	0x01AD      	CLRF       IntToStr_negative_L0
0x012C	0x01AE      	CLRF       IntToStr_negative_L0+1
;__Lib_Conversions.c,153 :: 		
0x012D	0x0827      	MOVF       FARG_IntToStr_input, 0
0x012E	0x00AF      	MOVWF      IntToStr_inword_L0
0x012F	0x0828      	MOVF       FARG_IntToStr_input+1, 0
0x0130	0x00B0      	MOVWF      IntToStr_inword_L0+1
;__Lib_Conversions.c,154 :: 		
0x0131	0x3080      	MOVLW      128
0x0132	0x0628      	XORWF      FARG_IntToStr_input+1, 0
0x0133	0x00F0      	MOVWF      R0
0x0134	0x3080      	MOVLW      128
0x0135	0x0270      	SUBWF      R0, 0
0x0136	0x1D03      	BTFSS      STATUS, 2
0x0137	0x293A      	GOTO       L__IntToStr115
0x0138	0x3000      	MOVLW      0
0x0139	0x0227      	SUBWF      FARG_IntToStr_input, 0
L__IntToStr115:
0x013A	0x1803      	BTFSC      STATUS, 0
0x013B	0x2948      	GOTO       L_IntToStr23
;__Lib_Conversions.c,155 :: 		
0x013C	0x3001      	MOVLW      1
0x013D	0x00AD      	MOVWF      IntToStr_negative_L0
0x013E	0x3000      	MOVLW      0
0x013F	0x00AE      	MOVWF      IntToStr_negative_L0+1
;__Lib_Conversions.c,156 :: 		
0x0140	0x0827      	MOVF       FARG_IntToStr_input, 0
0x0141	0x3C00      	SUBLW      0
0x0142	0x00AF      	MOVWF      IntToStr_inword_L0
0x0143	0x0828      	MOVF       FARG_IntToStr_input+1, 0
0x0144	0x1C03      	BTFSS      STATUS, 0
0x0145	0x3E01      	ADDLW      1
0x0146	0x01B0      	CLRF       IntToStr_inword_L0+1
0x0147	0x02B0      	SUBWF      IntToStr_inword_L0+1, 1
;__Lib_Conversions.c,157 :: 		
L_IntToStr23:
;__Lib_Conversions.c,158 :: 		
0x0148	0x082F      	MOVF       IntToStr_inword_L0, 0
0x0149	0x00B1      	MOVWF      FARG_WordToStr_input
0x014A	0x0830      	MOVF       IntToStr_inword_L0+1, 0
0x014B	0x00B2      	MOVWF      FARG_WordToStr_input+1
0x014C	0x0829      	MOVF       FARG_IntToStr_output, 0
0x014D	0x00B3      	MOVWF      FARG_WordToStr_output
0x014E	0x082A      	MOVF       FARG_IntToStr_output+1, 0
0x014F	0x00B4      	MOVWF      FARG_WordToStr_output+1
0x0150	0x203B      	CALL       _WordToStr
;__Lib_Conversions.c,160 :: 		
0x0151	0x3006      	MOVLW      6
0x0152	0x00AB      	MOVWF      IntToStr_i_L0
0x0153	0x3000      	MOVLW      0
0x0154	0x00AC      	MOVWF      IntToStr_i_L0+1
;__Lib_Conversions.c,161 :: 		
L_IntToStr24:
0x0155	0x082C      	MOVF       IntToStr_i_L0+1, 0
0x0156	0x3C00      	SUBLW      0
0x0157	0x1D03      	BTFSS      STATUS, 2
0x0158	0x295B      	GOTO       L__IntToStr116
0x0159	0x082B      	MOVF       IntToStr_i_L0, 0
0x015A	0x3C00      	SUBLW      0
L__IntToStr116:
0x015B	0x1803      	BTFSC      STATUS, 0
0x015C	0x2976      	GOTO       L_IntToStr25
;__Lib_Conversions.c,162 :: 		
0x015D	0x082B      	MOVF       IntToStr_i_L0, 0
0x015E	0x0729      	ADDWF      FARG_IntToStr_output, 0
0x015F	0x0086      	MOVWF      FSR1
0x0160	0x082C      	MOVF       IntToStr_i_L0+1, 0
0x0161	0x3D2A      	ADDWFC     FARG_IntToStr_output+1, 0
0x0162	0x0087      	MOVWF      FSR1H
0x0163	0x3001      	MOVLW      1
0x0164	0x022B      	SUBWF      IntToStr_i_L0, 0
0x0165	0x00F0      	MOVWF      R0
0x0166	0x3000      	MOVLW      0
0x0167	0x3B2C      	SUBWFB     IntToStr_i_L0+1, 0
0x0168	0x00F1      	MOVWF      R1
0x0169	0x0870      	MOVF       R0, 0
0x016A	0x0729      	ADDWF      FARG_IntToStr_output, 0
0x016B	0x0084      	MOVWF      FSR0
0x016C	0x0871      	MOVF       R1, 0
0x016D	0x3D2A      	ADDWFC     FARG_IntToStr_output+1, 0
0x016E	0x0085      	MOVWF      FSR0H
0x016F	0x0800      	MOVF       INDF0, 0
0x0170	0x0081      	MOVWF      INDF1
;__Lib_Conversions.c,163 :: 		
0x0171	0x3001      	MOVLW      1
0x0172	0x02AB      	SUBWF      IntToStr_i_L0, 1
0x0173	0x3000      	MOVLW      0
0x0174	0x3BAC      	SUBWFB     IntToStr_i_L0+1, 1
;__Lib_Conversions.c,164 :: 		
0x0175	0x2955      	GOTO       L_IntToStr24
L_IntToStr25:
;__Lib_Conversions.c,165 :: 		
0x0176	0x0829      	MOVF       FARG_IntToStr_output, 0
0x0177	0x0086      	MOVWF      FSR1
0x0178	0x082A      	MOVF       FARG_IntToStr_output+1, 0
0x0179	0x0087      	MOVWF      FSR1H
0x017A	0x3020      	MOVLW      32
0x017B	0x0081      	MOVWF      INDF1
;__Lib_Conversions.c,166 :: 		
0x017C	0x082D      	MOVF       IntToStr_negative_L0, 0
0x017D	0x042E      	IORWF       IntToStr_negative_L0+1, 0
0x017E	0x1903      	BTFSC      STATUS, 2
0x017F	0x299C      	GOTO       L_IntToStr26
;__Lib_Conversions.c,167 :: 		
0x0180	0x01AB      	CLRF       IntToStr_i_L0
0x0181	0x01AC      	CLRF       IntToStr_i_L0+1
;__Lib_Conversions.c,168 :: 		
L_IntToStr27:
0x0182	0x082B      	MOVF       IntToStr_i_L0, 0
0x0183	0x0729      	ADDWF      FARG_IntToStr_output, 0
0x0184	0x0084      	MOVWF      FSR0
0x0185	0x082C      	MOVF       IntToStr_i_L0+1, 0
0x0186	0x3D2A      	ADDWFC     FARG_IntToStr_output+1, 0
0x0187	0x0085      	MOVWF      FSR0H
0x0188	0x0800      	MOVF       INDF0, 0
0x0189	0x3A20      	XORLW      32
0x018A	0x1D03      	BTFSS      STATUS, 2
0x018B	0x2990      	GOTO       L_IntToStr28
0x018C	0x0AAB      	INCF       IntToStr_i_L0, 1
0x018D	0x1903      	BTFSC      STATUS, 2
0x018E	0x0AAC      	INCF       IntToStr_i_L0+1, 1
0x018F	0x2982      	GOTO       L_IntToStr27
L_IntToStr28:
;__Lib_Conversions.c,169 :: 		
0x0190	0x3001      	MOVLW      1
0x0191	0x02AB      	SUBWF      IntToStr_i_L0, 1
0x0192	0x3000      	MOVLW      0
0x0193	0x3BAC      	SUBWFB     IntToStr_i_L0+1, 1
;__Lib_Conversions.c,170 :: 		
0x0194	0x082B      	MOVF       IntToStr_i_L0, 0
0x0195	0x0729      	ADDWF      FARG_IntToStr_output, 0
0x0196	0x0086      	MOVWF      FSR1
0x0197	0x082C      	MOVF       IntToStr_i_L0+1, 0
0x0198	0x3D2A      	ADDWFC     FARG_IntToStr_output+1, 0
0x0199	0x0087      	MOVWF      FSR1H
0x019A	0x302D      	MOVLW      45
0x019B	0x0081      	MOVWF      INDF1
L_IntToStr26:
;__Lib_Conversions.c,171 :: 		
L_end_IntToStr:
0x019C	0x0008      	RETURN
; end of _IntToStr
_Gyro_Init:
;GY85.c,141 :: 		void Gyro_Init(){
;GY85.c,143 :: 		I2C1_Start();
0x019D	0x2087      	CALL       _I2C1_Start
;GY85.c,144 :: 		I2C1_Wr(GYRO_ADDRESS_Wr);
0x019E	0x30D0      	MOVLW      208
0x019F	0x0022      	MOVLB      2
0x01A0	0x00B1      	MOVWF      FARG_I2C1_Wr_data_
0x01A1	0x20CF      	CALL       _I2C1_Wr
;GY85.c,145 :: 		I2C1_Wr(0X3E);
0x01A2	0x303E      	MOVLW      62
0x01A3	0x0022      	MOVLB      2
0x01A4	0x00B1      	MOVWF      FARG_I2C1_Wr_data_
0x01A5	0x20CF      	CALL       _I2C1_Wr
;GY85.c,146 :: 		I2C1_Wr(0X80);
0x01A6	0x3080      	MOVLW      128
0x01A7	0x0022      	MOVLB      2
0x01A8	0x00B1      	MOVWF      FARG_I2C1_Wr_data_
0x01A9	0x20CF      	CALL       _I2C1_Wr
;GY85.c,147 :: 		I2C1_Stop();
0x01AA	0x202E      	CALL       _I2C1_Stop
;GY85.c,150 :: 		I2C1_Start();
0x01AB	0x2087      	CALL       _I2C1_Start
;GY85.c,151 :: 		I2C1_Wr(GYRO_ADDRESS_Wr);
0x01AC	0x30D0      	MOVLW      208
0x01AD	0x0022      	MOVLB      2
0x01AE	0x00B1      	MOVWF      FARG_I2C1_Wr_data_
0x01AF	0x20CF      	CALL       _I2C1_Wr
;GY85.c,152 :: 		I2C1_Wr(0X15);
0x01B0	0x3015      	MOVLW      21
0x01B1	0x0022      	MOVLB      2
0x01B2	0x00B1      	MOVWF      FARG_I2C1_Wr_data_
0x01B3	0x20CF      	CALL       _I2C1_Wr
;GY85.c,153 :: 		I2C1_Wr(0X0A); //SMPLRT_DIV = 10 (50Hz)
0x01B4	0x300A      	MOVLW      10
0x01B5	0x0022      	MOVLB      2
0x01B6	0x00B1      	MOVWF      FARG_I2C1_Wr_data_
0x01B7	0x20CF      	CALL       _I2C1_Wr
;GY85.c,154 :: 		I2C1_Stop();
0x01B8	0x202E      	CALL       _I2C1_Stop
;GY85.c,158 :: 		I2C1_Start();
0x01B9	0x2087      	CALL       _I2C1_Start
;GY85.c,159 :: 		I2C1_Wr(GYRO_ADDRESS_Wr);
0x01BA	0x30D0      	MOVLW      208
0x01BB	0x0022      	MOVLB      2
0x01BC	0x00B1      	MOVWF      FARG_I2C1_Wr_data_
0x01BD	0x20CF      	CALL       _I2C1_Wr
;GY85.c,160 :: 		I2C1_Wr(0X16);
0x01BE	0x3016      	MOVLW      22
0x01BF	0x0022      	MOVLB      2
0x01C0	0x00B1      	MOVWF      FARG_I2C1_Wr_data_
0x01C1	0x20CF      	CALL       _I2C1_Wr
;GY85.c,161 :: 		I2C1_Wr(0X1B);
0x01C2	0x301B      	MOVLW      27
0x01C3	0x0022      	MOVLB      2
0x01C4	0x00B1      	MOVWF      FARG_I2C1_Wr_data_
0x01C5	0x20CF      	CALL       _I2C1_Wr
;GY85.c,162 :: 		I2C1_Stop();
0x01C6	0x202E      	CALL       _I2C1_Stop
;GY85.c,165 :: 		I2C1_Start();
0x01C7	0x2087      	CALL       _I2C1_Start
;GY85.c,166 :: 		I2C1_Wr(GYRO_ADDRESS_Wr);
0x01C8	0x30D0      	MOVLW      208
0x01C9	0x0022      	MOVLB      2
0x01CA	0x00B1      	MOVWF      FARG_I2C1_Wr_data_
0x01CB	0x20CF      	CALL       _I2C1_Wr
;GY85.c,167 :: 		I2C1_Wr(0X3E);
0x01CC	0x303E      	MOVLW      62
0x01CD	0x0022      	MOVLB      2
0x01CE	0x00B1      	MOVWF      FARG_I2C1_Wr_data_
0x01CF	0x20CF      	CALL       _I2C1_Wr
;GY85.c,168 :: 		I2C1_Wr(0X03);
0x01D0	0x3003      	MOVLW      3
0x01D1	0x0022      	MOVLB      2
0x01D2	0x00B1      	MOVWF      FARG_I2C1_Wr_data_
0x01D3	0x20CF      	CALL       _I2C1_Wr
;GY85.c,169 :: 		I2C1_Stop();
0x01D4	0x202E      	CALL       _I2C1_Stop
;GY85.c,172 :: 		}
L_end_Gyro_Init:
0x01D5	0x0008      	RETURN
; end of _Gyro_Init
_Acc_Read:
;GY85.c,86 :: 		void Acc_Read(){
;GY85.c,88 :: 		buffer[0]=accel_Read_Byte(ACCEL_ADDRESS,_X_LOW);  // low_x
0x01D6	0x30A6      	MOVLW      166
0x01D7	0x0022      	MOVLB      2
0x01D8	0x00A7      	MOVWF      FARG_accel_Read_Byte_address_sensor
0x01D9	0x3032      	MOVLW      50
0x01DA	0x00A8      	MOVWF      FARG_accel_Read_Byte_register_address
0x01DB	0x210F      	CALL       _accel_Read_Byte
0x01DC	0x0870      	MOVF       R0, 0
0x01DD	0x0021      	MOVLB      1
0x01DE	0x00EA      	MOVWF      Acc_Read_buffer_L0
;GY85.c,89 :: 		buffer[1]=accel_Read_Byte(ACCEL_ADDRESS,_X_HIG); //  high_x
0x01DF	0x30A6      	MOVLW      166
0x01E0	0x0022      	MOVLB      2
0x01E1	0x00A7      	MOVWF      FARG_accel_Read_Byte_address_sensor
0x01E2	0x3033      	MOVLW      51
0x01E3	0x00A8      	MOVWF      FARG_accel_Read_Byte_register_address
0x01E4	0x210F      	CALL       _accel_Read_Byte
0x01E5	0x0870      	MOVF       R0, 0
0x01E6	0x0021      	MOVLB      1
0x01E7	0x00EB      	MOVWF      Acc_Read_buffer_L0+1
;GY85.c,91 :: 		buffer[2]=accel_Read_Byte(ACCEL_ADDRESS,_Y_LOW);  // low_y
0x01E8	0x30A6      	MOVLW      166
0x01E9	0x0022      	MOVLB      2
0x01EA	0x00A7      	MOVWF      FARG_accel_Read_Byte_address_sensor
0x01EB	0x3034      	MOVLW      52
0x01EC	0x00A8      	MOVWF      FARG_accel_Read_Byte_register_address
0x01ED	0x210F      	CALL       _accel_Read_Byte
0x01EE	0x0870      	MOVF       R0, 0
0x01EF	0x0021      	MOVLB      1
0x01F0	0x00EC      	MOVWF      Acc_Read_buffer_L0+2
;GY85.c,92 :: 		buffer[3]=accel_Read_Byte(ACCEL_ADDRESS,_Y_HIG); //  high_y
0x01F1	0x30A6      	MOVLW      166
0x01F2	0x0022      	MOVLB      2
0x01F3	0x00A7      	MOVWF      FARG_accel_Read_Byte_address_sensor
0x01F4	0x3035      	MOVLW      53
0x01F5	0x00A8      	MOVWF      FARG_accel_Read_Byte_register_address
0x01F6	0x210F      	CALL       _accel_Read_Byte
0x01F7	0x0870      	MOVF       R0, 0
0x01F8	0x0021      	MOVLB      1
0x01F9	0x00ED      	MOVWF      Acc_Read_buffer_L0+3
;GY85.c,94 :: 		buffer[4]=accel_Read_Byte(ACCEL_ADDRESS,_Z_LOW);  // low_y
0x01FA	0x30A6      	MOVLW      166
0x01FB	0x0022      	MOVLB      2
0x01FC	0x00A7      	MOVWF      FARG_accel_Read_Byte_address_sensor
0x01FD	0x3036      	MOVLW      54
0x01FE	0x00A8      	MOVWF      FARG_accel_Read_Byte_register_address
0x01FF	0x210F      	CALL       _accel_Read_Byte
0x0200	0x0870      	MOVF       R0, 0
0x0201	0x0021      	MOVLB      1
0x0202	0x00EE      	MOVWF      Acc_Read_buffer_L0+4
;GY85.c,95 :: 		buffer[5]=accel_Read_Byte(ACCEL_ADDRESS,_Z_HIG); //  high_y
0x0203	0x30A6      	MOVLW      166
0x0204	0x0022      	MOVLB      2
0x0205	0x00A7      	MOVWF      FARG_accel_Read_Byte_address_sensor
0x0206	0x3037      	MOVLW      55
0x0207	0x00A8      	MOVWF      FARG_accel_Read_Byte_register_address
0x0208	0x210F      	CALL       _accel_Read_Byte
0x0209	0x0870      	MOVF       R0, 0
0x020A	0x0021      	MOVLB      1
0x020B	0x00EF      	MOVWF      Acc_Read_buffer_L0+5
;GY85.c,97 :: 		accel[0] = (((int) buffer[1]) << 8) | buffer[0];  // X axis
0x020C	0x086B      	MOVF       Acc_Read_buffer_L0+1, 0
0x020D	0x00F4      	MOVWF      R4
0x020E	0x01F5      	CLRF       R5
0x020F	0x0874      	MOVF       R4, 0
0x0210	0x00F2      	MOVWF      R2
0x0211	0x01F1      	CLRF       R1
0x0212	0x086A      	MOVF       Acc_Read_buffer_L0, 0
0x0213	0x0471      	IORWF       R1, 0
0x0214	0x00E0      	MOVWF      _accel
0x0215	0x0872      	MOVF       R2, 0
0x0216	0x00E1      	MOVWF      _accel+1
0x0217	0x3000      	MOVLW      0
0x0218	0x04E1      	IORWF       _accel+1, 1
;GY85.c,98 :: 		accel[1] = (((int) buffer[3]) << 8) | buffer[2];  // Y axis
0x0219	0x086D      	MOVF       Acc_Read_buffer_L0+3, 0
0x021A	0x00F4      	MOVWF      R4
0x021B	0x01F5      	CLRF       R5
0x021C	0x0874      	MOVF       R4, 0
0x021D	0x00F2      	MOVWF      R2
0x021E	0x01F1      	CLRF       R1
0x021F	0x086C      	MOVF       Acc_Read_buffer_L0+2, 0
0x0220	0x0471      	IORWF       R1, 0
0x0221	0x00E2      	MOVWF      _accel+2
0x0222	0x0872      	MOVF       R2, 0
0x0223	0x00E3      	MOVWF      _accel+3
0x0224	0x3000      	MOVLW      0
0x0225	0x04E3      	IORWF       _accel+3, 1
;GY85.c,99 :: 		accel[2] = (((int) buffer[5]) << 8) | buffer[4];  // Z axis
0x0226	0x0870      	MOVF       R0, 0
0x0227	0x00F3      	MOVWF      R3
0x0228	0x01F4      	CLRF       R4
0x0229	0x0873      	MOVF       R3, 0
0x022A	0x00F1      	MOVWF      R1
0x022B	0x01F0      	CLRF       R0
0x022C	0x086E      	MOVF       Acc_Read_buffer_L0+4, 0
0x022D	0x0470      	IORWF       R0, 0
0x022E	0x00E4      	MOVWF      _accel+4
0x022F	0x0871      	MOVF       R1, 0
0x0230	0x00E5      	MOVWF      _accel+5
0x0231	0x3000      	MOVLW      0
0x0232	0x04E5      	IORWF       _accel+5, 1
;GY85.c,100 :: 		}
L_end_Acc_Read:
0x0233	0x0008      	RETURN
; end of _Acc_Read
_Gyro_Read:
;GY85.c,175 :: 		void Gyro_Read(){
;GY85.c,177 :: 		I2C1_Start();
0x0234	0x2087      	CALL       _I2C1_Start
;GY85.c,178 :: 		I2C1_Wr(GYRO_ADDRESS_Wr);
0x0235	0x30D0      	MOVLW      208
0x0236	0x0022      	MOVLB      2
0x0237	0x00B1      	MOVWF      FARG_I2C1_Wr_data_
0x0238	0x20CF      	CALL       _I2C1_Wr
;GY85.c,179 :: 		I2C1_Wr(0X1D);
0x0239	0x301D      	MOVLW      29
0x023A	0x0022      	MOVLB      2
0x023B	0x00B1      	MOVWF      FARG_I2C1_Wr_data_
0x023C	0x20CF      	CALL       _I2C1_Wr
;GY85.c,180 :: 		I2C1_Start();
0x023D	0x2087      	CALL       _I2C1_Start
;GY85.c,181 :: 		I2C1_Wr(GYRO_ADDRESS_Rd);
0x023E	0x30D1      	MOVLW      209
0x023F	0x0022      	MOVLB      2
0x0240	0x00B1      	MOVWF      FARG_I2C1_Wr_data_
0x0241	0x20CF      	CALL       _I2C1_Wr
;GY85.c,183 :: 		buffer[0]=I2C1_Rd(1);
0x0242	0x3001      	MOVLW      1
0x0243	0x0022      	MOVLB      2
0x0244	0x00B1      	MOVWF      FARG_I2C1_Rd_ack
0x0245	0x20AF      	CALL       _I2C1_Rd
0x0246	0x0870      	MOVF       R0, 0
0x0247	0x0021      	MOVLB      1
0x0248	0x00EA      	MOVWF      Gyro_Read_buffer_L0
;GY85.c,184 :: 		buffer[1]=I2C1_Rd(1);
0x0249	0x3001      	MOVLW      1
0x024A	0x0022      	MOVLB      2
0x024B	0x00B1      	MOVWF      FARG_I2C1_Rd_ack
0x024C	0x20AF      	CALL       _I2C1_Rd
0x024D	0x0870      	MOVF       R0, 0
0x024E	0x0021      	MOVLB      1
0x024F	0x00EB      	MOVWF      Gyro_Read_buffer_L0+1
;GY85.c,185 :: 		buffer[2]=I2C1_Rd(1);
0x0250	0x3001      	MOVLW      1
0x0251	0x0022      	MOVLB      2
0x0252	0x00B1      	MOVWF      FARG_I2C1_Rd_ack
0x0253	0x20AF      	CALL       _I2C1_Rd
0x0254	0x0870      	MOVF       R0, 0
0x0255	0x0021      	MOVLB      1
0x0256	0x00EC      	MOVWF      Gyro_Read_buffer_L0+2
;GY85.c,186 :: 		buffer[3]=I2C1_Rd(1);
0x0257	0x3001      	MOVLW      1
0x0258	0x0022      	MOVLB      2
0x0259	0x00B1      	MOVWF      FARG_I2C1_Rd_ack
0x025A	0x20AF      	CALL       _I2C1_Rd
0x025B	0x0870      	MOVF       R0, 0
0x025C	0x0021      	MOVLB      1
0x025D	0x00ED      	MOVWF      Gyro_Read_buffer_L0+3
;GY85.c,187 :: 		buffer[4]=I2C1_Rd(1);
0x025E	0x3001      	MOVLW      1
0x025F	0x0022      	MOVLB      2
0x0260	0x00B1      	MOVWF      FARG_I2C1_Rd_ack
0x0261	0x20AF      	CALL       _I2C1_Rd
0x0262	0x0870      	MOVF       R0, 0
0x0263	0x0021      	MOVLB      1
0x0264	0x00EE      	MOVWF      Gyro_Read_buffer_L0+4
;GY85.c,188 :: 		buffer[5]=I2C1_Rd(0);
0x0265	0x0022      	MOVLB      2
0x0266	0x01B1      	CLRF       FARG_I2C1_Rd_ack
0x0267	0x20AF      	CALL       _I2C1_Rd
0x0268	0x0870      	MOVF       R0, 0
0x0269	0x0021      	MOVLB      1
0x026A	0x00EF      	MOVWF      Gyro_Read_buffer_L0+5
;GY85.c,189 :: 		I2C1_Stop();
0x026B	0x202E      	CALL       _I2C1_Stop
;GY85.c,192 :: 		gyro[0] = 1 * ((((int) buffer[0]) << 8) | buffer[1]);    // X axis (internal sensor -y axis)
0x026C	0x0021      	MOVLB      1
0x026D	0x086A      	MOVF       Gyro_Read_buffer_L0, 0
0x026E	0x00F3      	MOVWF      R3
0x026F	0x01F4      	CLRF       R4
0x0270	0x0873      	MOVF       R3, 0
0x0271	0x00F1      	MOVWF      R1
0x0272	0x01F0      	CLRF       R0
0x0273	0x086B      	MOVF       Gyro_Read_buffer_L0+1, 0
0x0274	0x0470      	IORWF       R0, 0
0x0275	0x00DA      	MOVWF      _gyro
0x0276	0x0871      	MOVF       R1, 0
0x0277	0x00DB      	MOVWF      _gyro+1
0x0278	0x3000      	MOVLW      0
0x0279	0x04DB      	IORWF       _gyro+1, 1
;GY85.c,193 :: 		gyro[1] = 1 * ((((int) buffer[2]) << 8) | buffer[3]);    // Y axis (internal sensor -x axis)
0x027A	0x086C      	MOVF       Gyro_Read_buffer_L0+2, 0
0x027B	0x00F3      	MOVWF      R3
0x027C	0x01F4      	CLRF       R4
0x027D	0x0873      	MOVF       R3, 0
0x027E	0x00F1      	MOVWF      R1
0x027F	0x01F0      	CLRF       R0
0x0280	0x086D      	MOVF       Gyro_Read_buffer_L0+3, 0
0x0281	0x0470      	IORWF       R0, 0
0x0282	0x00DC      	MOVWF      _gyro+2
0x0283	0x0871      	MOVF       R1, 0
0x0284	0x00DD      	MOVWF      _gyro+3
0x0285	0x3000      	MOVLW      0
0x0286	0x04DD      	IORWF       _gyro+3, 1
;GY85.c,194 :: 		gyro[2] = 1 * ((((int) buffer[4]) << 8) | buffer[5]);    // Z axis (internal sensor -z axis)
0x0287	0x086E      	MOVF       Gyro_Read_buffer_L0+4, 0
0x0288	0x00F3      	MOVWF      R3
0x0289	0x01F4      	CLRF       R4
0x028A	0x0873      	MOVF       R3, 0
0x028B	0x00F1      	MOVWF      R1
0x028C	0x01F0      	CLRF       R0
0x028D	0x086F      	MOVF       Gyro_Read_buffer_L0+5, 0
0x028E	0x0470      	IORWF       R0, 0
0x028F	0x00DE      	MOVWF      _gyro+4
0x0290	0x0871      	MOVF       R1, 0
0x0291	0x00DF      	MOVWF      _gyro+5
0x0292	0x3000      	MOVLW      0
0x0293	0x04DF      	IORWF       _gyro+5, 1
;GY85.c,195 :: 		}
L_end_Gyro_Read:
0x0294	0x0008      	RETURN
; end of _Gyro_Read
_Magneto_Read:
;GY85.c,119 :: 		void Magneto_Read(){
;GY85.c,121 :: 		I2C1_Start();
0x0295	0x2087      	CALL       _I2C1_Start
;GY85.c,122 :: 		I2C1_Wr(HMC5883L_WRITE_ADDR);
0x0296	0x303C      	MOVLW      60
0x0297	0x0022      	MOVLB      2
0x0298	0x00B1      	MOVWF      FARG_I2C1_Wr_data_
0x0299	0x20CF      	CALL       _I2C1_Wr
;GY85.c,123 :: 		I2C1_Wr(X_MSB_Reg);
0x029A	0x3003      	MOVLW      3
0x029B	0x0022      	MOVLB      2
0x029C	0x00B1      	MOVWF      FARG_I2C1_Wr_data_
0x029D	0x20CF      	CALL       _I2C1_Wr
;GY85.c,124 :: 		I2C1_Start();
0x029E	0x2087      	CALL       _I2C1_Start
;GY85.c,125 :: 		I2C1_Wr(HMC5883L_READ_ADDR);
0x029F	0x303D      	MOVLW      61
0x02A0	0x0022      	MOVLB      2
0x02A1	0x00B1      	MOVWF      FARG_I2C1_Wr_data_
0x02A2	0x20CF      	CALL       _I2C1_Wr
;GY85.c,126 :: 		buffer[0]=I2C1_Rd(1);
0x02A3	0x3001      	MOVLW      1
0x02A4	0x0022      	MOVLB      2
0x02A5	0x00B1      	MOVWF      FARG_I2C1_Rd_ack
0x02A6	0x20AF      	CALL       _I2C1_Rd
0x02A7	0x0870      	MOVF       R0, 0
0x02A8	0x0021      	MOVLB      1
0x02A9	0x00EA      	MOVWF      Magneto_Read_buffer_L0
;GY85.c,127 :: 		buffer[1]=I2C1_Rd(1);
0x02AA	0x3001      	MOVLW      1
0x02AB	0x0022      	MOVLB      2
0x02AC	0x00B1      	MOVWF      FARG_I2C1_Rd_ack
0x02AD	0x20AF      	CALL       _I2C1_Rd
0x02AE	0x0870      	MOVF       R0, 0
0x02AF	0x0021      	MOVLB      1
0x02B0	0x00EB      	MOVWF      Magneto_Read_buffer_L0+1
;GY85.c,128 :: 		buffer[2]=I2C1_Rd(1);
0x02B1	0x3001      	MOVLW      1
0x02B2	0x0022      	MOVLB      2
0x02B3	0x00B1      	MOVWF      FARG_I2C1_Rd_ack
0x02B4	0x20AF      	CALL       _I2C1_Rd
0x02B5	0x0870      	MOVF       R0, 0
0x02B6	0x0021      	MOVLB      1
0x02B7	0x00EC      	MOVWF      Magneto_Read_buffer_L0+2
;GY85.c,129 :: 		buffer[3]=I2C1_Rd(1);
0x02B8	0x3001      	MOVLW      1
0x02B9	0x0022      	MOVLB      2
0x02BA	0x00B1      	MOVWF      FARG_I2C1_Rd_ack
0x02BB	0x20AF      	CALL       _I2C1_Rd
0x02BC	0x0870      	MOVF       R0, 0
0x02BD	0x0021      	MOVLB      1
0x02BE	0x00ED      	MOVWF      Magneto_Read_buffer_L0+3
;GY85.c,130 :: 		buffer[4]=I2C1_Rd(1);
0x02BF	0x3001      	MOVLW      1
0x02C0	0x0022      	MOVLB      2
0x02C1	0x00B1      	MOVWF      FARG_I2C1_Rd_ack
0x02C2	0x20AF      	CALL       _I2C1_Rd
0x02C3	0x0870      	MOVF       R0, 0
0x02C4	0x0021      	MOVLB      1
0x02C5	0x00EE      	MOVWF      Magneto_Read_buffer_L0+4
;GY85.c,131 :: 		buffer[5]=I2C1_Rd(0);
0x02C6	0x0022      	MOVLB      2
0x02C7	0x01B1      	CLRF       FARG_I2C1_Rd_ack
0x02C8	0x20AF      	CALL       _I2C1_Rd
0x02C9	0x0870      	MOVF       R0, 0
0x02CA	0x0021      	MOVLB      1
0x02CB	0x00EF      	MOVWF      Magneto_Read_buffer_L0+5
;GY85.c,132 :: 		I2C1_Stop();
0x02CC	0x202E      	CALL       _I2C1_Stop
;GY85.c,134 :: 		magnetom[1] = 1 * ((((int) buffer[0]) << 8) | buffer[1]);  // X axis (internal sensor -y axis)
0x02CD	0x0021      	MOVLB      1
0x02CE	0x086A      	MOVF       Magneto_Read_buffer_L0, 0
0x02CF	0x00F3      	MOVWF      R3
0x02D0	0x01F4      	CLRF       R4
0x02D1	0x0873      	MOVF       R3, 0
0x02D2	0x00F1      	MOVWF      R1
0x02D3	0x01F0      	CLRF       R0
0x02D4	0x086B      	MOVF       Magneto_Read_buffer_L0+1, 0
0x02D5	0x0470      	IORWF       R0, 0
0x02D6	0x00C6      	MOVWF      _magnetom+2
0x02D7	0x0871      	MOVF       R1, 0
0x02D8	0x00C7      	MOVWF      _magnetom+3
0x02D9	0x3000      	MOVLW      0
0x02DA	0x04C7      	IORWF       _magnetom+3, 1
;GY85.c,135 :: 		magnetom[0] = 1 * ((((int) buffer[4]) << 8) | buffer[5]);  // Y axis (internal sensor -x axis)
0x02DB	0x086E      	MOVF       Magneto_Read_buffer_L0+4, 0
0x02DC	0x00F3      	MOVWF      R3
0x02DD	0x01F4      	CLRF       R4
0x02DE	0x0873      	MOVF       R3, 0
0x02DF	0x00F1      	MOVWF      R1
0x02E0	0x01F0      	CLRF       R0
0x02E1	0x086F      	MOVF       Magneto_Read_buffer_L0+5, 0
0x02E2	0x0470      	IORWF       R0, 0
0x02E3	0x00C4      	MOVWF      _magnetom
0x02E4	0x0871      	MOVF       R1, 0
0x02E5	0x00C5      	MOVWF      _magnetom+1
0x02E6	0x3000      	MOVLW      0
0x02E7	0x04C5      	IORWF       _magnetom+1, 1
;GY85.c,136 :: 		magnetom[2] = 1 * ((((int) buffer[2]) << 8) | buffer[3]);  // Z axis (internal sensor -z axis)
0x02E8	0x086C      	MOVF       Magneto_Read_buffer_L0+2, 0
0x02E9	0x00F3      	MOVWF      R3
0x02EA	0x01F4      	CLRF       R4
0x02EB	0x0873      	MOVF       R3, 0
0x02EC	0x00F1      	MOVWF      R1
0x02ED	0x01F0      	CLRF       R0
0x02EE	0x086D      	MOVF       Magneto_Read_buffer_L0+3, 0
0x02EF	0x0470      	IORWF       R0, 0
0x02F0	0x00C8      	MOVWF      _magnetom+4
0x02F1	0x0871      	MOVF       R1, 0
0x02F2	0x00C9      	MOVWF      _magnetom+5
0x02F3	0x3000      	MOVLW      0
0x02F4	0x04C9      	IORWF       _magnetom+5, 1
;GY85.c,138 :: 		}
L_end_Magneto_Read:
0x02F5	0x0008      	RETURN
; end of _Magneto_Read
_UART1_Printf:
;gy-85-main.c,19 :: 		void UART1_Printf(int value){
;gy-85-main.c,21 :: 		IntToStr(value, txt);
0x02F6	0x0021      	MOVLB      1
0x02F7	0x086A      	MOVF       FARG_UART1_Printf_value, 0
0x02F8	0x0022      	MOVLB      2
0x02F9	0x00A7      	MOVWF      FARG_IntToStr_input
0x02FA	0x0021      	MOVLB      1
0x02FB	0x086B      	MOVF       FARG_UART1_Printf_value+1, 0
0x02FC	0x0022      	MOVLB      2
0x02FD	0x00A8      	MOVWF      FARG_IntToStr_input+1
0x02FE	0x3020      	MOVLW      UART1_Printf_txt_L0
0x02FF	0x00A9      	MOVWF      FARG_IntToStr_output
0x0300	0x3001      	MOVLW      hi_addr(UART1_Printf_txt_L0)
0x0301	0x00AA      	MOVWF      FARG_IntToStr_output+1
0x0302	0x212A      	CALL       _IntToStr
;gy-85-main.c,22 :: 		UART1_Write_Text(txt);
0x0303	0x3020      	MOVLW      UART1_Printf_txt_L0
0x0304	0x00A7      	MOVWF      FARG_UART1_Write_Text_uart_text
0x0305	0x3001      	MOVLW      hi_addr(UART1_Printf_txt_L0)
0x0306	0x00A8      	MOVWF      FARG_UART1_Write_Text_uart_text+1
0x0307	0x20E5      	CALL       _UART1_Write_Text
;gy-85-main.c,23 :: 		}
L_end_UART1_Printf:
0x0308	0x0008      	RETURN
; end of _UART1_Printf
_Magneto_Init:
;GY85.c,111 :: 		void Magneto_Init()
;GY85.c,113 :: 		unsigned char value = 0;
;GY85.c,114 :: 		HMC5883L_write(Config_Reg_A, 0b00011000);
0x0309	0x0022      	MOVLB      2
0x030A	0x01A7      	CLRF       FARG_HMC5883L_write_reg_address
0x030B	0x3018      	MOVLW      24
0x030C	0x00A8      	MOVWF      FARG_HMC5883L_write_value
0x030D	0x2100      	CALL       _HMC5883L_write
;GY85.c,115 :: 		HMC5883L_write(Config_Reg_B, 0xA0);
0x030E	0x3001      	MOVLW      1
0x030F	0x0022      	MOVLB      2
0x0310	0x00A7      	MOVWF      FARG_HMC5883L_write_reg_address
0x0311	0x30A0      	MOVLW      160
0x0312	0x00A8      	MOVWF      FARG_HMC5883L_write_value
0x0313	0x2100      	CALL       _HMC5883L_write
;GY85.c,116 :: 		HMC5883L_write(Mode_Reg, 0x00);
0x0314	0x3002      	MOVLW      2
0x0315	0x0022      	MOVLB      2
0x0316	0x00A7      	MOVWF      FARG_HMC5883L_write_reg_address
0x0317	0x01A8      	CLRF       FARG_HMC5883L_write_value
0x0318	0x2100      	CALL       _HMC5883L_write
;GY85.c,117 :: 		}
L_end_Magneto_Init:
0x0319	0x0008      	RETURN
; end of _Magneto_Init
_Acc_Init:
;GY85.c,54 :: 		void Acc_Init(){
;GY85.c,55 :: 		I2C1_Start();
0x031A	0x2087      	CALL       _I2C1_Start
;GY85.c,56 :: 		I2C1_Wr(ACCEL_ADDRESS);
0x031B	0x30A6      	MOVLW      166
0x031C	0x0022      	MOVLB      2
0x031D	0x00B1      	MOVWF      FARG_I2C1_Wr_data_
0x031E	0x20CF      	CALL       _I2C1_Wr
;GY85.c,57 :: 		I2C1_Wr(0X2D);// Power register
0x031F	0x302D      	MOVLW      45
0x0320	0x0022      	MOVLB      2
0x0321	0x00B1      	MOVWF      FARG_I2C1_Wr_data_
0x0322	0x20CF      	CALL       _I2C1_Wr
;GY85.c,58 :: 		I2C1_Wr(0X00); // standbay mode
0x0323	0x0022      	MOVLB      2
0x0324	0x01B1      	CLRF       FARG_I2C1_Wr_data_
0x0325	0x20CF      	CALL       _I2C1_Wr
;GY85.c,59 :: 		I2C1_Stop();
0x0326	0x202E      	CALL       _I2C1_Stop
;GY85.c,61 :: 		Delay_ms(5);
0x0327	0x3007      	MOVLW      7
0x0328	0x00FC      	MOVWF      R12
0x0329	0x307D      	MOVLW      125
0x032A	0x00FD      	MOVWF      R13
L_Acc_Init0:
0x032B	0x0BFD      	DECFSZ     R13, 1
0x032C	0x2B2B      	GOTO       L_Acc_Init0
0x032D	0x0BFC      	DECFSZ     R12, 1
0x032E	0x2B2B      	GOTO       L_Acc_Init0
;GY85.c,63 :: 		I2C1_Start();
0x032F	0x2087      	CALL       _I2C1_Start
;GY85.c,64 :: 		I2C1_Wr(ACCEL_ADDRESS);
0x0330	0x30A6      	MOVLW      166
0x0331	0x0022      	MOVLB      2
0x0332	0x00B1      	MOVWF      FARG_I2C1_Wr_data_
0x0333	0x20CF      	CALL       _I2C1_Wr
;GY85.c,65 :: 		I2C1_Wr(0X31);// Data format register
0x0334	0x3031      	MOVLW      49
0x0335	0x0022      	MOVLB      2
0x0336	0x00B1      	MOVWF      FARG_I2C1_Wr_data_
0x0337	0x20CF      	CALL       _I2C1_Wr
;GY85.c,66 :: 		I2C1_Wr(0X08); // Set to full resolution
0x0338	0x3008      	MOVLW      8
0x0339	0x0022      	MOVLB      2
0x033A	0x00B1      	MOVWF      FARG_I2C1_Wr_data_
0x033B	0x20CF      	CALL       _I2C1_Wr
;GY85.c,67 :: 		I2C1_Stop();
0x033C	0x202E      	CALL       _I2C1_Stop
;GY85.c,69 :: 		Delay_ms(5);
0x033D	0x3007      	MOVLW      7
0x033E	0x00FC      	MOVWF      R12
0x033F	0x307D      	MOVLW      125
0x0340	0x00FD      	MOVWF      R13
L_Acc_Init1:
0x0341	0x0BFD      	DECFSZ     R13, 1
0x0342	0x2B41      	GOTO       L_Acc_Init1
0x0343	0x0BFC      	DECFSZ     R12, 1
0x0344	0x2B41      	GOTO       L_Acc_Init1
;GY85.c,71 :: 		I2C1_Start();
0x0345	0x2087      	CALL       _I2C1_Start
;GY85.c,72 :: 		I2C1_Wr(ACCEL_ADDRESS);
0x0346	0x30A6      	MOVLW      166
0x0347	0x0022      	MOVLB      2
0x0348	0x00B1      	MOVWF      FARG_I2C1_Wr_data_
0x0349	0x20CF      	CALL       _I2C1_Wr
;GY85.c,73 :: 		I2C1_Wr(0X2C);// Data format register
0x034A	0x302C      	MOVLW      44
0x034B	0x0022      	MOVLB      2
0x034C	0x00B1      	MOVWF      FARG_I2C1_Wr_data_
0x034D	0x20CF      	CALL       _I2C1_Wr
;GY85.c,74 :: 		I2C1_Wr(0X09); // Set to full resolution
0x034E	0x3009      	MOVLW      9
0x034F	0x0022      	MOVLB      2
0x0350	0x00B1      	MOVWF      FARG_I2C1_Wr_data_
0x0351	0x20CF      	CALL       _I2C1_Wr
;GY85.c,75 :: 		I2C1_Stop();
0x0352	0x202E      	CALL       _I2C1_Stop
;GY85.c,77 :: 		Delay_ms(5);
0x0353	0x3007      	MOVLW      7
0x0354	0x00FC      	MOVWF      R12
0x0355	0x307D      	MOVLW      125
0x0356	0x00FD      	MOVWF      R13
L_Acc_Init2:
0x0357	0x0BFD      	DECFSZ     R13, 1
0x0358	0x2B57      	GOTO       L_Acc_Init2
0x0359	0x0BFC      	DECFSZ     R12, 1
0x035A	0x2B57      	GOTO       L_Acc_Init2
;GY85.c,78 :: 		I2C1_Start();
0x035B	0x2087      	CALL       _I2C1_Start
;GY85.c,79 :: 		I2C1_Wr(ACCEL_ADDRESS);
0x035C	0x30A6      	MOVLW      166
0x035D	0x0022      	MOVLB      2
0x035E	0x00B1      	MOVWF      FARG_I2C1_Wr_data_
0x035F	0x20CF      	CALL       _I2C1_Wr
;GY85.c,80 :: 		I2C1_Wr(0X2D);// Power register
0x0360	0x302D      	MOVLW      45
0x0361	0x0022      	MOVLB      2
0x0362	0x00B1      	MOVWF      FARG_I2C1_Wr_data_
0x0363	0x20CF      	CALL       _I2C1_Wr
;GY85.c,81 :: 		I2C1_Wr(0X08); // measure mode
0x0364	0x3008      	MOVLW      8
0x0365	0x0022      	MOVLB      2
0x0366	0x00B1      	MOVWF      FARG_I2C1_Wr_data_
0x0367	0x20CF      	CALL       _I2C1_Wr
;GY85.c,82 :: 		I2C1_Stop();
0x0368	0x202E      	CALL       _I2C1_Stop
;GY85.c,83 :: 		}
L_end_Acc_Init:
0x0369	0x0008      	RETURN
; end of _Acc_Init
_GY_85_Read:
;gy-85-main.c,48 :: 		void GY_85_Read(){
;gy-85-main.c,49 :: 		Acc_Read();
0x036A	0x21D6      	CALL       _Acc_Read
;gy-85-main.c,50 :: 		Magneto_Read();
0x036B	0x2295      	CALL       _Magneto_Read
;gy-85-main.c,51 :: 		Gyro_Read();
0x036C	0x2234      	CALL       _Gyro_Read
;gy-85-main.c,52 :: 		}
L_end_GY_85_Read:
0x036D	0x0008      	RETURN
; end of _GY_85_Read
_printf_result:
;gy-85-main.c,25 :: 		void printf_result(){
;gy-85-main.c,26 :: 		UART1_Write_Text("X_acc:");UART1_Printf(accel[0]); UART1_Write_Text("  ");
0x036E	0x30B3      	MOVLW      ?lstr1_gy_4585_45main
0x036F	0x0022      	MOVLB      2
0x0370	0x00A7      	MOVWF      FARG_UART1_Write_Text_uart_text
0x0371	0x3000      	MOVLW      hi_addr(?lstr1_gy_4585_45main)
0x0372	0x00A8      	MOVWF      FARG_UART1_Write_Text_uart_text+1
0x0373	0x20E5      	CALL       _UART1_Write_Text
0x0374	0x0021      	MOVLB      1
0x0375	0x0860      	MOVF       _accel, 0
0x0376	0x00EA      	MOVWF      FARG_UART1_Printf_value
0x0377	0x0861      	MOVF       _accel+1, 0
0x0378	0x00EB      	MOVWF      FARG_UART1_Printf_value+1
0x0379	0x22F6      	CALL       _UART1_Printf
0x037A	0x30C1      	MOVLW      ?lstr2_gy_4585_45main
0x037B	0x00A7      	MOVWF      FARG_UART1_Write_Text_uart_text
0x037C	0x3000      	MOVLW      hi_addr(?lstr2_gy_4585_45main)
0x037D	0x00A8      	MOVWF      FARG_UART1_Write_Text_uart_text+1
0x037E	0x20E5      	CALL       _UART1_Write_Text
;gy-85-main.c,27 :: 		UART1_Write_Text("Y_acc:");UART1_Printf(accel[1]); UART1_Write_Text("  ");
0x037F	0x30BA      	MOVLW      ?lstr3_gy_4585_45main
0x0380	0x00A7      	MOVWF      FARG_UART1_Write_Text_uart_text
0x0381	0x3000      	MOVLW      hi_addr(?lstr3_gy_4585_45main)
0x0382	0x00A8      	MOVWF      FARG_UART1_Write_Text_uart_text+1
0x0383	0x20E5      	CALL       _UART1_Write_Text
0x0384	0x0021      	MOVLB      1
0x0385	0x0862      	MOVF       _accel+2, 0
0x0386	0x00EA      	MOVWF      FARG_UART1_Printf_value
0x0387	0x0863      	MOVF       _accel+3, 0
0x0388	0x00EB      	MOVWF      FARG_UART1_Printf_value+1
0x0389	0x22F6      	CALL       _UART1_Printf
0x038A	0x3044      	MOVLW      ?lstr4_gy_4585_45main
0x038B	0x00A7      	MOVWF      FARG_UART1_Write_Text_uart_text
0x038C	0x3000      	MOVLW      hi_addr(?lstr4_gy_4585_45main)
0x038D	0x00A8      	MOVWF      FARG_UART1_Write_Text_uart_text+1
0x038E	0x20E5      	CALL       _UART1_Write_Text
;gy-85-main.c,28 :: 		UART1_Write_Text("Z_acc:");UART1_Printf(accel[2]); UART1_Write_Text("  ");
0x038F	0x303D      	MOVLW      ?lstr5_gy_4585_45main
0x0390	0x00A7      	MOVWF      FARG_UART1_Write_Text_uart_text
0x0391	0x3000      	MOVLW      hi_addr(?lstr5_gy_4585_45main)
0x0392	0x00A8      	MOVWF      FARG_UART1_Write_Text_uart_text+1
0x0393	0x20E5      	CALL       _UART1_Write_Text
0x0394	0x0021      	MOVLB      1
0x0395	0x0864      	MOVF       _accel+4, 0
0x0396	0x00EA      	MOVWF      FARG_UART1_Printf_value
0x0397	0x0865      	MOVF       _accel+5, 0
0x0398	0x00EB      	MOVWF      FARG_UART1_Printf_value+1
0x0399	0x22F6      	CALL       _UART1_Printf
0x039A	0x303A      	MOVLW      ?lstr6_gy_4585_45main
0x039B	0x00A7      	MOVWF      FARG_UART1_Write_Text_uart_text
0x039C	0x3000      	MOVLW      hi_addr(?lstr6_gy_4585_45main)
0x039D	0x00A8      	MOVWF      FARG_UART1_Write_Text_uart_text+1
0x039E	0x20E5      	CALL       _UART1_Write_Text
;gy-85-main.c,29 :: 		UART1_Write_Text("\r\n");
0x039F	0x304E      	MOVLW      ?lstr7_gy_4585_45main
0x03A0	0x00A7      	MOVWF      FARG_UART1_Write_Text_uart_text
0x03A1	0x3000      	MOVLW      hi_addr(?lstr7_gy_4585_45main)
0x03A2	0x00A8      	MOVWF      FARG_UART1_Write_Text_uart_text+1
0x03A3	0x20E5      	CALL       _UART1_Write_Text
;gy-85-main.c,31 :: 		UART1_Write_Text("X_mag:");UART1_Printf(magnetom[0]); UART1_Write_Text("  ");
0x03A4	0x3047      	MOVLW      ?lstr8_gy_4585_45main
0x03A5	0x00A7      	MOVWF      FARG_UART1_Write_Text_uart_text
0x03A6	0x3000      	MOVLW      hi_addr(?lstr8_gy_4585_45main)
0x03A7	0x00A8      	MOVWF      FARG_UART1_Write_Text_uart_text+1
0x03A8	0x20E5      	CALL       _UART1_Write_Text
0x03A9	0x0021      	MOVLB      1
0x03AA	0x0844      	MOVF       _magnetom, 0
0x03AB	0x00EA      	MOVWF      FARG_UART1_Printf_value
0x03AC	0x0845      	MOVF       _magnetom+1, 0
0x03AD	0x00EB      	MOVWF      FARG_UART1_Printf_value+1
0x03AE	0x22F6      	CALL       _UART1_Printf
0x03AF	0x302A      	MOVLW      ?lstr9_gy_4585_45main
0x03B0	0x00A7      	MOVWF      FARG_UART1_Write_Text_uart_text
0x03B1	0x3000      	MOVLW      hi_addr(?lstr9_gy_4585_45main)
0x03B2	0x00A8      	MOVWF      FARG_UART1_Write_Text_uart_text+1
0x03B3	0x20E5      	CALL       _UART1_Write_Text
;gy-85-main.c,32 :: 		UART1_Write_Text("Y_mag:");UART1_Printf(magnetom[1]); UART1_Write_Text("  ");
0x03B4	0x3023      	MOVLW      ?lstr10_gy_4585_45main
0x03B5	0x00A7      	MOVWF      FARG_UART1_Write_Text_uart_text
0x03B6	0x3000      	MOVLW      hi_addr(?lstr10_gy_4585_45main)
0x03B7	0x00A8      	MOVWF      FARG_UART1_Write_Text_uart_text+1
0x03B8	0x20E5      	CALL       _UART1_Write_Text
0x03B9	0x0021      	MOVLB      1
0x03BA	0x0846      	MOVF       _magnetom+2, 0
0x03BB	0x00EA      	MOVWF      FARG_UART1_Printf_value
0x03BC	0x0847      	MOVF       _magnetom+3, 0
0x03BD	0x00EB      	MOVWF      FARG_UART1_Printf_value+1
0x03BE	0x22F6      	CALL       _UART1_Printf
0x03BF	0x3020      	MOVLW      ?lstr11_gy_4585_45main
0x03C0	0x00A7      	MOVWF      FARG_UART1_Write_Text_uart_text
0x03C1	0x3000      	MOVLW      hi_addr(?lstr11_gy_4585_45main)
0x03C2	0x00A8      	MOVWF      FARG_UART1_Write_Text_uart_text+1
0x03C3	0x20E5      	CALL       _UART1_Write_Text
;gy-85-main.c,33 :: 		UART1_Write_Text("Z_mag:");UART1_Printf(magnetom[2]); UART1_Write_Text("  ");
0x03C4	0x3033      	MOVLW      ?lstr12_gy_4585_45main
0x03C5	0x00A7      	MOVWF      FARG_UART1_Write_Text_uart_text
0x03C6	0x3000      	MOVLW      hi_addr(?lstr12_gy_4585_45main)
0x03C7	0x00A8      	MOVWF      FARG_UART1_Write_Text_uart_text+1
0x03C8	0x20E5      	CALL       _UART1_Write_Text
0x03C9	0x0021      	MOVLB      1
0x03CA	0x0848      	MOVF       _magnetom+4, 0
0x03CB	0x00EA      	MOVWF      FARG_UART1_Printf_value
0x03CC	0x0849      	MOVF       _magnetom+5, 0
0x03CD	0x00EB      	MOVWF      FARG_UART1_Printf_value+1
0x03CE	0x22F6      	CALL       _UART1_Printf
0x03CF	0x3030      	MOVLW      ?lstr13_gy_4585_45main
0x03D0	0x00A7      	MOVWF      FARG_UART1_Write_Text_uart_text
0x03D1	0x3000      	MOVLW      hi_addr(?lstr13_gy_4585_45main)
0x03D2	0x00A8      	MOVWF      FARG_UART1_Write_Text_uart_text+1
0x03D3	0x20E5      	CALL       _UART1_Write_Text
;gy-85-main.c,34 :: 		UART1_Write_Text("\r\n");
0x03D4	0x302D      	MOVLW      ?lstr14_gy_4585_45main
0x03D5	0x00A7      	MOVWF      FARG_UART1_Write_Text_uart_text
0x03D6	0x3000      	MOVLW      hi_addr(?lstr14_gy_4585_45main)
0x03D7	0x00A8      	MOVWF      FARG_UART1_Write_Text_uart_text+1
0x03D8	0x20E5      	CALL       _UART1_Write_Text
;gy-85-main.c,36 :: 		UART1_Write_Text("X_gyro:");UART1_Printf(gyro[0]); UART1_Write_Text("  ");
0x03D9	0x3051      	MOVLW      ?lstr15_gy_4585_45main
0x03DA	0x00A7      	MOVWF      FARG_UART1_Write_Text_uart_text
0x03DB	0x3000      	MOVLW      hi_addr(?lstr15_gy_4585_45main)
0x03DC	0x00A8      	MOVWF      FARG_UART1_Write_Text_uart_text+1
0x03DD	0x20E5      	CALL       _UART1_Write_Text
0x03DE	0x0021      	MOVLB      1
0x03DF	0x085A      	MOVF       _gyro, 0
0x03E0	0x00EA      	MOVWF      FARG_UART1_Printf_value
0x03E1	0x085B      	MOVF       _gyro+1, 0
0x03E2	0x00EB      	MOVWF      FARG_UART1_Printf_value+1
0x03E3	0x22F6      	CALL       _UART1_Printf
0x03E4	0x306A      	MOVLW      ?lstr16_gy_4585_45main
0x03E5	0x00A7      	MOVWF      FARG_UART1_Write_Text_uart_text
0x03E6	0x3000      	MOVLW      hi_addr(?lstr16_gy_4585_45main)
0x03E7	0x00A8      	MOVWF      FARG_UART1_Write_Text_uart_text+1
0x03E8	0x20E5      	CALL       _UART1_Write_Text
;gy-85-main.c,37 :: 		UART1_Write_Text("Y_gyro:");UART1_Printf(gyro[1]); UART1_Write_Text("  ");
0x03E9	0x30A0      	MOVLW      ?lstr17_gy_4585_45main
0x03EA	0x00A7      	MOVWF      FARG_UART1_Write_Text_uart_text
0x03EB	0x3000      	MOVLW      hi_addr(?lstr17_gy_4585_45main)
0x03EC	0x00A8      	MOVWF      FARG_UART1_Write_Text_uart_text+1
0x03ED	0x20E5      	CALL       _UART1_Write_Text
0x03EE	0x0021      	MOVLB      1
0x03EF	0x085C      	MOVF       _gyro+2, 0
0x03F0	0x00EA      	MOVWF      FARG_UART1_Printf_value
0x03F1	0x085D      	MOVF       _gyro+3, 0
0x03F2	0x00EB      	MOVWF      FARG_UART1_Printf_value+1
0x03F3	0x22F6      	CALL       _UART1_Printf
0x03F4	0x30B0      	MOVLW      ?lstr18_gy_4585_45main
0x03F5	0x00A7      	MOVWF      FARG_UART1_Write_Text_uart_text
0x03F6	0x3000      	MOVLW      hi_addr(?lstr18_gy_4585_45main)
0x03F7	0x00A8      	MOVWF      FARG_UART1_Write_Text_uart_text+1
0x03F8	0x20E5      	CALL       _UART1_Write_Text
;gy-85-main.c,38 :: 		UART1_Write_Text("Z_gyro:");UART1_Printf(gyro[2]); UART1_Write_Text("  ");
0x03F9	0x30A8      	MOVLW      ?lstr19_gy_4585_45main
0x03FA	0x00A7      	MOVWF      FARG_UART1_Write_Text_uart_text
0x03FB	0x3000      	MOVLW      hi_addr(?lstr19_gy_4585_45main)
0x03FC	0x00A8      	MOVWF      FARG_UART1_Write_Text_uart_text+1
0x03FD	0x20E5      	CALL       _UART1_Write_Text
0x03FE	0x0021      	MOVLB      1
0x03FF	0x085E      	MOVF       _gyro+4, 0
0x0400	0x00EA      	MOVWF      FARG_UART1_Printf_value
0x0401	0x085F      	MOVF       _gyro+5, 0
0x0402	0x00EB      	MOVWF      FARG_UART1_Printf_value+1
0x0403	0x22F6      	CALL       _UART1_Printf
0x0404	0x306D      	MOVLW      ?lstr20_gy_4585_45main
0x0405	0x00A7      	MOVWF      FARG_UART1_Write_Text_uart_text
0x0406	0x3000      	MOVLW      hi_addr(?lstr20_gy_4585_45main)
0x0407	0x00A8      	MOVWF      FARG_UART1_Write_Text_uart_text+1
0x0408	0x20E5      	CALL       _UART1_Write_Text
;gy-85-main.c,39 :: 		UART1_Write_Text("\r\n");
0x0409	0x3067      	MOVLW      ?lstr21_gy_4585_45main
0x040A	0x00A7      	MOVWF      FARG_UART1_Write_Text_uart_text
0x040B	0x3000      	MOVLW      hi_addr(?lstr21_gy_4585_45main)
0x040C	0x00A8      	MOVWF      FARG_UART1_Write_Text_uart_text+1
0x040D	0x20E5      	CALL       _UART1_Write_Text
;gy-85-main.c,40 :: 		}
L_end_printf_result:
0x040E	0x0008      	RETURN
; end of _printf_result
_GY_85_Init:
;gy-85-main.c,42 :: 		void GY_85_Init(){
;gy-85-main.c,43 :: 		Acc_Init();
0x040F	0x231A      	CALL       _Acc_Init
;gy-85-main.c,44 :: 		Magneto_Init();
0x0410	0x2309      	CALL       _Magneto_Init
;gy-85-main.c,45 :: 		Gyro_Init();
0x0411	0x219D      	CALL       _Gyro_Init
;gy-85-main.c,46 :: 		}
L_end_GY_85_Init:
0x0412	0x0008      	RETURN
; end of _GY_85_Init
_I2C1_Init:
;__Lib_I2C_b14b25.c,4 :: 		
;__Lib_I2C_b14b25.c,5 :: 		
0x0413	0x0024      	MOVLB      4
0x0414	0x1314      	BCF        SSP1STAT, 6
;__Lib_I2C_b14b25.c,6 :: 		
0x0415	0x1394      	BCF        SSP1STAT, 7
;__Lib_I2C_b14b25.c,7 :: 		
0x0416	0x0021      	MOVLB      1
0x0417	0x148D      	BSF        TRISB1_bit, BitPos(TRISB1_bit+0)
;__Lib_I2C_b14b25.c,8 :: 		
0x0418	0x160D      	BSF        TRISB4_bit, BitPos(TRISB4_bit+0)
;__Lib_I2C_b14b25.c,9 :: 		
0x0419	0x3038      	MOVLW      56
0x041A	0x0024      	MOVLB      4
0x041B	0x0095      	MOVWF      SSP1CON1
;__Lib_I2C_b14b25.c,11 :: 		
L_end_I2C1_Init:
0x041C	0x0008      	RETURN
; end of _I2C1_Init
___CC2DW:
;__Lib_System.c,71 :: 		
;__Lib_System.c,73 :: 		
_CC2DL_Loop1:
;__Lib_System.c,74 :: 		
0x041D	0x0012      	MOVIW      FSR0++ 
;__Lib_System.c,75 :: 		
0x041E	0x001E      	MOVWI      FSR1++ 
;__Lib_System.c,76 :: 		
0x041F	0x03F0      	DECF       R0, 1
;__Lib_System.c,77 :: 		
0x0420	0x1D03      	BTFSS      STATUS, 2
;__Lib_System.c,78 :: 		
0x0421	0x2C1D      	GOTO       _CC2DL_Loop1
;__Lib_System.c,79 :: 		
0x0422	0x03F1      	DECF       R1, 1
;__Lib_System.c,80 :: 		
0x0423	0x1D03      	BTFSS      STATUS, 2
;__Lib_System.c,81 :: 		
0x0424	0x2C1D      	GOTO       _CC2DL_Loop1
;__Lib_System.c,83 :: 		
L_end___CC2DW:
0x0425	0x0008      	RETURN
; end of ___CC2DW
_UART1_Init:
;__Lib_UART_b21.c,12 :: 		
;__Lib_UART_b21.c,15 :: 		
0x0426	0x3031      	MOVLW      _UART1_Write
0x0427	0x0021      	MOVLB      1
0x0428	0x00CA      	MOVWF      _UART_Wr_Ptr
0x0429	0x3000      	MOVLW      hi_addr(_UART1_Write)
0x042A	0x00CB      	MOVWF      _UART_Wr_Ptr+1
0x042B	0x3031      	MOVLW      FARG_UART1_Write_data_
0x042C	0x00CC      	MOVWF      _UART_Wr_Ptr+2
0x042D	0x3001      	MOVLW      hi_addr(FARG_UART1_Write_data_)
0x042E	0x00CD      	MOVWF      _UART_Wr_Ptr+3
;__Lib_UART_b21.c,16 :: 		
0x042F	0x30FF      	MOVLW      _UART1_Read
0x0430	0x00D6      	MOVWF      _UART_Rd_Ptr
0x0431	0x30FF      	MOVLW      hi_addr(_UART1_Read)
0x0432	0x00D7      	MOVWF      _UART_Rd_Ptr+1
0x0433	0x3000      	MOVLW      0
0x0434	0x00D8      	MOVWF      _UART_Rd_Ptr+2
0x0435	0x3000      	MOVLW      0
0x0436	0x00D9      	MOVWF      _UART_Rd_Ptr+3
;__Lib_UART_b21.c,17 :: 		
0x0437	0x30FF      	MOVLW      _UART1_Data_Ready
0x0438	0x00D2      	MOVWF      _UART_Rdy_Ptr
0x0439	0x30FF      	MOVLW      hi_addr(_UART1_Data_Ready)
0x043A	0x00D3      	MOVWF      _UART_Rdy_Ptr+1
0x043B	0x3000      	MOVLW      0
0x043C	0x00D4      	MOVWF      _UART_Rdy_Ptr+2
0x043D	0x3000      	MOVLW      0
0x043E	0x00D5      	MOVWF      _UART_Rdy_Ptr+3
;__Lib_UART_b21.c,18 :: 		
0x043F	0x30FF      	MOVLW      _UART1_Tx_Idle
0x0440	0x00CE      	MOVWF      _UART_Tx_Idle_Ptr
0x0441	0x30FF      	MOVLW      hi_addr(_UART1_Tx_Idle)
0x0442	0x00CF      	MOVWF      _UART_Tx_Idle_Ptr+1
0x0443	0x3000      	MOVLW      0
0x0444	0x00D0      	MOVWF      _UART_Tx_Idle_Ptr+2
0x0445	0x3000      	MOVLW      0
0x0446	0x00D1      	MOVWF      _UART_Tx_Idle_Ptr+3
;__Lib_UART_b21.c,20 :: 		
0x0447	0x0023      	MOVLB      3
0x0448	0x169E      	BSF        TXSTA, 5
;__Lib_UART_b21.c,21 :: 		
0x0449	0x3090      	MOVLW      144
0x044A	0x009D      	MOVWF      RCSTA
;__Lib_UART_b21.c,22 :: 		
0x044B	0x0021      	MOVLB      1
0x044C	0x148D      	BSF        TRISB1_bit, BitPos(TRISB1_bit+0)
;__Lib_UART_b21.c,23 :: 		
0x044D	0x110D      	BCF        TRISB2_bit, BitPos(TRISB2_bit+0)
;__Lib_UART_b21.c,24 :: 		
L_UART1_Init0:
0x044E	0x0020      	MOVLB      0
0x044F	0x1E91      	BTFSS      PIR1, 5
0x0450	0x2C55      	GOTO       L_UART1_Init1
;__Lib_UART_b21.c,25 :: 		
0x0451	0x0023      	MOVLB      3
0x0452	0x0819      	MOVF       RCREG, 0
0x0453	0x00F0      	MOVWF      R0
0x0454	0x2C4E      	GOTO       L_UART1_Init0
L_UART1_Init1:
;__Lib_UART_b21.c,26 :: 		
L_end_UART1_Init:
0x0455	0x0008      	RETURN
; end of _UART1_Init
_main:
0x0456	0x2520      	CALL       1312
;gy-85-main.c,54 :: 		void main() {
;gy-85-main.c,55 :: 		OSCCON=0b01101010;
0x0457	0x306A      	MOVLW      106
0x0458	0x0021      	MOVLB      1
0x0459	0x0099      	MOVWF      OSCCON
;gy-85-main.c,56 :: 		ANSELA=0x00;
0x045A	0x0023      	MOVLB      3
0x045B	0x018C      	CLRF       ANSELA
;gy-85-main.c,57 :: 		ANSELB=0x00;
0x045C	0x018D      	CLRF       ANSELB
;gy-85-main.c,58 :: 		TRISB=0;
0x045D	0x0021      	MOVLB      1
0x045E	0x018D      	CLRF       TRISB
;gy-85-main.c,59 :: 		TXCKSEL_bit=1;
0x045F	0x0022      	MOVLB      2
0x0460	0x141E      	BSF        TXCKSEL_bit, BitPos(TXCKSEL_bit+0)
;gy-85-main.c,60 :: 		RXDTSEL_bit=1;
0x0461	0x179D      	BSF        RXDTSEL_bit, BitPos(RXDTSEL_bit+0)
;gy-85-main.c,61 :: 		UART1_Init(9600);
0x0462	0x0023      	MOVLB      3
0x0463	0x159F      	BSF        BAUDCON, 3
0x0464	0x3067      	MOVLW      103
0x0465	0x009B      	MOVWF      SPBRG
0x0466	0x3000      	MOVLW      0
0x0467	0x009C      	MOVWF      SPBRG+1
0x0468	0x151E      	BSF        TXSTA, 2
0x0469	0x2426      	CALL       _UART1_Init
;gy-85-main.c,62 :: 		TRISB2_bit = 1;     // only change if pin remap done
0x046A	0x0021      	MOVLB      1
0x046B	0x150D      	BSF        TRISB2_bit, BitPos(TRISB2_bit+0)
;gy-85-main.c,63 :: 		TRISB5_bit = 0;     // only change if pin remap done
0x046C	0x128D      	BCF        TRISB5_bit, BitPos(TRISB5_bit+0)
;gy-85-main.c,64 :: 		Delay_ms(100);
0x046D	0x3082      	MOVLW      130
0x046E	0x00FC      	MOVWF      R12
0x046F	0x30DD      	MOVLW      221
0x0470	0x00FD      	MOVWF      R13
L_main0:
0x0471	0x0BFD      	DECFSZ     R13, 1
0x0472	0x2C71      	GOTO       L_main0
0x0473	0x0BFC      	DECFSZ     R12, 1
0x0474	0x2C71      	GOTO       L_main0
0x0475	0x0000      	NOP
0x0476	0x0000      	NOP
;gy-85-main.c,65 :: 		UART1_Write_Text("GY-85 Start\r\n");
0x0477	0x3059      	MOVLW      ?lstr22_gy_4585_45main
0x0478	0x0022      	MOVLB      2
0x0479	0x00A7      	MOVWF      FARG_UART1_Write_Text_uart_text
0x047A	0x3000      	MOVLW      hi_addr(?lstr22_gy_4585_45main)
0x047B	0x00A8      	MOVWF      FARG_UART1_Write_Text_uart_text+1
0x047C	0x20E5      	CALL       _UART1_Write_Text
;gy-85-main.c,66 :: 		I2C1_Init(100000);
0x047D	0x300A      	MOVLW      10
0x047E	0x0024      	MOVLB      4
0x047F	0x0092      	MOVWF      SSP1ADD
0x0480	0x2413      	CALL       _I2C1_Init
;gy-85-main.c,67 :: 		Delay_ms(100);
0x0481	0x3082      	MOVLW      130
0x0482	0x00FC      	MOVWF      R12
0x0483	0x30DD      	MOVLW      221
0x0484	0x00FD      	MOVWF      R13
L_main1:
0x0485	0x0BFD      	DECFSZ     R13, 1
0x0486	0x2C85      	GOTO       L_main1
0x0487	0x0BFC      	DECFSZ     R12, 1
0x0488	0x2C85      	GOTO       L_main1
0x0489	0x0000      	NOP
0x048A	0x0000      	NOP
;gy-85-main.c,68 :: 		GY_85_Init(); // Init GY-85 sensor
0x048B	0x240F      	CALL       _GY_85_Init
;gy-85-main.c,69 :: 		Delay_ms(100);
0x048C	0x3082      	MOVLW      130
0x048D	0x00FC      	MOVWF      R12
0x048E	0x30DD      	MOVLW      221
0x048F	0x00FD      	MOVWF      R13
L_main2:
0x0490	0x0BFD      	DECFSZ     R13, 1
0x0491	0x2C90      	GOTO       L_main2
0x0492	0x0BFC      	DECFSZ     R12, 1
0x0493	0x2C90      	GOTO       L_main2
0x0494	0x0000      	NOP
0x0495	0x0000      	NOP
;gy-85-main.c,70 :: 		do{
L_main3:
;gy-85-main.c,71 :: 		GY_85_Read(); // Read GY-85 sensor
0x0496	0x236A      	CALL       _GY_85_Read
;gy-85-main.c,72 :: 		printf_result();// Send the data to the USART
0x0497	0x236E      	CALL       _printf_result
;gy-85-main.c,73 :: 		Delay_ms(1000);
0x0498	0x3006      	MOVLW      6
0x0499	0x00FB      	MOVWF      R11
0x049A	0x3013      	MOVLW      19
0x049B	0x00FC      	MOVWF      R12
0x049C	0x30AD      	MOVLW      173
0x049D	0x00FD      	MOVWF      R13
L_main6:
0x049E	0x0BFD      	DECFSZ     R13, 1
0x049F	0x2C9E      	GOTO       L_main6
0x04A0	0x0BFC      	DECFSZ     R12, 1
0x04A1	0x2C9E      	GOTO       L_main6
0x04A2	0x0BFB      	DECFSZ     R11, 1
0x04A3	0x2C9E      	GOTO       L_main6
0x04A4	0x0000      	NOP
0x04A5	0x0000      	NOP
;gy-85-main.c,74 :: 		}while(1);
0x04A6	0x2C96      	GOTO       L_main3
;gy-85-main.c,75 :: 		}
L_end_main:
0x04A7	0x2CA7      	GOTO       $+0
; end of _main
0x0520	0x30AB      	MOVLW      171
0x0521	0x0084      	MOVWF      FSR0
0x0522	0x3084      	MOVLW      132
0x0523	0x0085      	MOVWF      FSR0H
0x0524	0x304A      	MOVLW      74
0x0525	0x00F0      	MOVWF      R0
0x0526	0x3001      	MOVLW      1
0x0527	0x00F1      	MOVWF      R1
0x0528	0x3020      	MOVLW      32
0x0529	0x0086      	MOVWF      FSR1
0x052A	0x3000      	MOVLW      0
0x052B	0x0087      	MOVWF      FSR1H
0x052C	0x241D      	CALL       1053
0x052D	0x3011      	MOVLW      17
0x052E	0x0084      	MOVWF      FSR0
0x052F	0x3085      	MOVLW      133
0x0530	0x0085      	MOVWF      FSR0H
0x0531	0x3008      	MOVLW      8
0x0532	0x00F0      	MOVWF      R0
0x0533	0x3001      	MOVLW      1
0x0534	0x00F1      	MOVWF      R1
0x0535	0x30A0      	MOVLW      160
0x0536	0x0086      	MOVWF      FSR1
0x0537	0x3000      	MOVLW      0
0x0538	0x0087      	MOVWF      FSR1H
0x0539	0x241D      	CALL       1053
0x053A	0x3019      	MOVLW      25
0x053B	0x0084      	MOVWF      FSR0
0x053C	0x3085      	MOVLW      133
0x053D	0x0085      	MOVWF      FSR0H
0x053E	0x3006      	MOVLW      6
0x053F	0x00F0      	MOVWF      R0
0x0540	0x3001      	MOVLW      1
0x0541	0x00F1      	MOVWF      R1
0x0542	0x306A      	MOVLW      106
0x0543	0x0086      	MOVWF      FSR1
0x0544	0x3000      	MOVLW      0
0x0545	0x0087      	MOVWF      FSR1H
0x0546	0x241D      	CALL       1053
0x0547	0x30F5      	MOVLW      245
0x0548	0x0084      	MOVWF      FSR0
0x0549	0x3084      	MOVLW      132
0x054A	0x0085      	MOVWF      FSR0H
0x054B	0x301C      	MOVLW      28
0x054C	0x00F0      	MOVWF      R0
0x054D	0x3001      	MOVLW      1
0x054E	0x00F1      	MOVWF      R1
0x054F	0x30A8      	MOVLW      168
0x0550	0x0086      	MOVWF      FSR1
0x0551	0x3000      	MOVLW      0
0x0552	0x0087      	MOVWF      FSR1H
0x0553	0x241D      	CALL       1053
0x0554	0x0008      	RETURN
;gy-85-main.c,0 :: ?ICS?lstr11_gy_4585_45main
0x04AB	0x3420 ;?ICS?lstr11_gy_4585_45main+0
0x04AC	0x3420 ;?ICS?lstr11_gy_4585_45main+1
0x04AD	0x3400 ;?ICS?lstr11_gy_4585_45main+2
; end of ?ICS?lstr11_gy_4585_45main
;gy-85-main.c,0 :: ?ICS?lstr10_gy_4585_45main
0x04AE	0x3459 ;?ICS?lstr10_gy_4585_45main+0
0x04AF	0x345F ;?ICS?lstr10_gy_4585_45main+1
0x04B0	0x346D ;?ICS?lstr10_gy_4585_45main+2
0x04B1	0x3461 ;?ICS?lstr10_gy_4585_45main+3
0x04B2	0x3467 ;?ICS?lstr10_gy_4585_45main+4
0x04B3	0x343A ;?ICS?lstr10_gy_4585_45main+5
0x04B4	0x3400 ;?ICS?lstr10_gy_4585_45main+6
; end of ?ICS?lstr10_gy_4585_45main
;gy-85-main.c,0 :: ?ICS?lstr9_gy_4585_45main
0x04B5	0x3420 ;?ICS?lstr9_gy_4585_45main+0
0x04B6	0x3420 ;?ICS?lstr9_gy_4585_45main+1
0x04B7	0x3400 ;?ICS?lstr9_gy_4585_45main+2
; end of ?ICS?lstr9_gy_4585_45main
;gy-85-main.c,0 :: ?ICS?lstr14_gy_4585_45main
0x04B8	0x340D ;?ICS?lstr14_gy_4585_45main+0
0x04B9	0x340A ;?ICS?lstr14_gy_4585_45main+1
0x04BA	0x3400 ;?ICS?lstr14_gy_4585_45main+2
; end of ?ICS?lstr14_gy_4585_45main
;gy-85-main.c,0 :: ?ICS?lstr13_gy_4585_45main
0x04BB	0x3420 ;?ICS?lstr13_gy_4585_45main+0
0x04BC	0x3420 ;?ICS?lstr13_gy_4585_45main+1
0x04BD	0x3400 ;?ICS?lstr13_gy_4585_45main+2
; end of ?ICS?lstr13_gy_4585_45main
;gy-85-main.c,0 :: ?ICS?lstr12_gy_4585_45main
0x04BE	0x345A ;?ICS?lstr12_gy_4585_45main+0
0x04BF	0x345F ;?ICS?lstr12_gy_4585_45main+1
0x04C0	0x346D ;?ICS?lstr12_gy_4585_45main+2
0x04C1	0x3461 ;?ICS?lstr12_gy_4585_45main+3
0x04C2	0x3467 ;?ICS?lstr12_gy_4585_45main+4
0x04C3	0x343A ;?ICS?lstr12_gy_4585_45main+5
0x04C4	0x3400 ;?ICS?lstr12_gy_4585_45main+6
; end of ?ICS?lstr12_gy_4585_45main
;gy-85-main.c,0 :: ?ICS?lstr6_gy_4585_45main
0x04C5	0x3420 ;?ICS?lstr6_gy_4585_45main+0
0x04C6	0x3420 ;?ICS?lstr6_gy_4585_45main+1
0x04C7	0x3400 ;?ICS?lstr6_gy_4585_45main+2
; end of ?ICS?lstr6_gy_4585_45main
;gy-85-main.c,0 :: ?ICS?lstr5_gy_4585_45main
0x04C8	0x345A ;?ICS?lstr5_gy_4585_45main+0
0x04C9	0x345F ;?ICS?lstr5_gy_4585_45main+1
0x04CA	0x3461 ;?ICS?lstr5_gy_4585_45main+2
0x04CB	0x3463 ;?ICS?lstr5_gy_4585_45main+3
0x04CC	0x3463 ;?ICS?lstr5_gy_4585_45main+4
0x04CD	0x343A ;?ICS?lstr5_gy_4585_45main+5
0x04CE	0x3400 ;?ICS?lstr5_gy_4585_45main+6
; end of ?ICS?lstr5_gy_4585_45main
;gy-85-main.c,0 :: ?ICS?lstr4_gy_4585_45main
0x04CF	0x3420 ;?ICS?lstr4_gy_4585_45main+0
0x04D0	0x3420 ;?ICS?lstr4_gy_4585_45main+1
0x04D1	0x3400 ;?ICS?lstr4_gy_4585_45main+2
; end of ?ICS?lstr4_gy_4585_45main
;gy-85-main.c,0 :: ?ICS?lstr8_gy_4585_45main
0x04D2	0x3458 ;?ICS?lstr8_gy_4585_45main+0
0x04D3	0x345F ;?ICS?lstr8_gy_4585_45main+1
0x04D4	0x346D ;?ICS?lstr8_gy_4585_45main+2
0x04D5	0x3461 ;?ICS?lstr8_gy_4585_45main+3
0x04D6	0x3467 ;?ICS?lstr8_gy_4585_45main+4
0x04D7	0x343A ;?ICS?lstr8_gy_4585_45main+5
0x04D8	0x3400 ;?ICS?lstr8_gy_4585_45main+6
; end of ?ICS?lstr8_gy_4585_45main
;gy-85-main.c,0 :: ?ICS?lstr7_gy_4585_45main
0x04D9	0x340D ;?ICS?lstr7_gy_4585_45main+0
0x04DA	0x340A ;?ICS?lstr7_gy_4585_45main+1
0x04DB	0x3400 ;?ICS?lstr7_gy_4585_45main+2
; end of ?ICS?lstr7_gy_4585_45main
;gy-85-main.c,0 :: ?ICS?lstr15_gy_4585_45main
0x04DC	0x3458 ;?ICS?lstr15_gy_4585_45main+0
0x04DD	0x345F ;?ICS?lstr15_gy_4585_45main+1
0x04DE	0x3467 ;?ICS?lstr15_gy_4585_45main+2
0x04DF	0x3479 ;?ICS?lstr15_gy_4585_45main+3
0x04E0	0x3472 ;?ICS?lstr15_gy_4585_45main+4
0x04E1	0x346F ;?ICS?lstr15_gy_4585_45main+5
0x04E2	0x343A ;?ICS?lstr15_gy_4585_45main+6
0x04E3	0x3400 ;?ICS?lstr15_gy_4585_45main+7
; end of ?ICS?lstr15_gy_4585_45main
;gy-85-main.c,0 :: ?ICS?lstr22_gy_4585_45main
0x04E4	0x3447 ;?ICS?lstr22_gy_4585_45main+0
0x04E5	0x3459 ;?ICS?lstr22_gy_4585_45main+1
0x04E6	0x342D ;?ICS?lstr22_gy_4585_45main+2
0x04E7	0x3438 ;?ICS?lstr22_gy_4585_45main+3
0x04E8	0x3435 ;?ICS?lstr22_gy_4585_45main+4
0x04E9	0x3420 ;?ICS?lstr22_gy_4585_45main+5
0x04EA	0x3453 ;?ICS?lstr22_gy_4585_45main+6
0x04EB	0x3474 ;?ICS?lstr22_gy_4585_45main+7
0x04EC	0x3461 ;?ICS?lstr22_gy_4585_45main+8
0x04ED	0x3472 ;?ICS?lstr22_gy_4585_45main+9
0x04EE	0x3474 ;?ICS?lstr22_gy_4585_45main+10
0x04EF	0x340D ;?ICS?lstr22_gy_4585_45main+11
0x04F0	0x340A ;?ICS?lstr22_gy_4585_45main+12
0x04F1	0x3400 ;?ICS?lstr22_gy_4585_45main+13
; end of ?ICS?lstr22_gy_4585_45main
;gy-85-main.c,0 :: ?ICS?lstr21_gy_4585_45main
0x04F2	0x340D ;?ICS?lstr21_gy_4585_45main+0
0x04F3	0x340A ;?ICS?lstr21_gy_4585_45main+1
0x04F4	0x3400 ;?ICS?lstr21_gy_4585_45main+2
; end of ?ICS?lstr21_gy_4585_45main
;gy-85-main.c,0 :: ?ICS?lstr19_gy_4585_45main
0x04F5	0x345A ;?ICS?lstr19_gy_4585_45main+0
0x04F6	0x345F ;?ICS?lstr19_gy_4585_45main+1
0x04F7	0x3467 ;?ICS?lstr19_gy_4585_45main+2
0x04F8	0x3479 ;?ICS?lstr19_gy_4585_45main+3
0x04F9	0x3472 ;?ICS?lstr19_gy_4585_45main+4
0x04FA	0x346F ;?ICS?lstr19_gy_4585_45main+5
0x04FB	0x343A ;?ICS?lstr19_gy_4585_45main+6
0x04FC	0x3400 ;?ICS?lstr19_gy_4585_45main+7
; end of ?ICS?lstr19_gy_4585_45main
;gy-85-main.c,0 :: ?ICS?lstr18_gy_4585_45main
0x04FD	0x3420 ;?ICS?lstr18_gy_4585_45main+0
0x04FE	0x3420 ;?ICS?lstr18_gy_4585_45main+1
0x04FF	0x3400 ;?ICS?lstr18_gy_4585_45main+2
; end of ?ICS?lstr18_gy_4585_45main
;gy-85-main.c,0 :: ?ICS?lstr1_gy_4585_45main
0x0500	0x3458 ;?ICS?lstr1_gy_4585_45main+0
0x0501	0x345F ;?ICS?lstr1_gy_4585_45main+1
0x0502	0x3461 ;?ICS?lstr1_gy_4585_45main+2
0x0503	0x3463 ;?ICS?lstr1_gy_4585_45main+3
0x0504	0x3463 ;?ICS?lstr1_gy_4585_45main+4
0x0505	0x343A ;?ICS?lstr1_gy_4585_45main+5
0x0506	0x3400 ;?ICS?lstr1_gy_4585_45main+6
; end of ?ICS?lstr1_gy_4585_45main
;gy-85-main.c,0 :: ?ICS?lstr3_gy_4585_45main
0x0507	0x3459 ;?ICS?lstr3_gy_4585_45main+0
0x0508	0x345F ;?ICS?lstr3_gy_4585_45main+1
0x0509	0x3461 ;?ICS?lstr3_gy_4585_45main+2
0x050A	0x3463 ;?ICS?lstr3_gy_4585_45main+3
0x050B	0x3463 ;?ICS?lstr3_gy_4585_45main+4
0x050C	0x343A ;?ICS?lstr3_gy_4585_45main+5
0x050D	0x3400 ;?ICS?lstr3_gy_4585_45main+6
; end of ?ICS?lstr3_gy_4585_45main
;gy-85-main.c,0 :: ?ICS?lstr2_gy_4585_45main
0x050E	0x3420 ;?ICS?lstr2_gy_4585_45main+0
0x050F	0x3420 ;?ICS?lstr2_gy_4585_45main+1
0x0510	0x3400 ;?ICS?lstr2_gy_4585_45main+2
; end of ?ICS?lstr2_gy_4585_45main
;gy-85-main.c,0 :: ?ICS?lstr17_gy_4585_45main
0x0511	0x3459 ;?ICS?lstr17_gy_4585_45main+0
0x0512	0x345F ;?ICS?lstr17_gy_4585_45main+1
0x0513	0x3467 ;?ICS?lstr17_gy_4585_45main+2
0x0514	0x3479 ;?ICS?lstr17_gy_4585_45main+3
0x0515	0x3472 ;?ICS?lstr17_gy_4585_45main+4
0x0516	0x346F ;?ICS?lstr17_gy_4585_45main+5
0x0517	0x343A ;?ICS?lstr17_gy_4585_45main+6
0x0518	0x3400 ;?ICS?lstr17_gy_4585_45main+7
; end of ?ICS?lstr17_gy_4585_45main
;gy-85-main.c,0 :: ?ICS?lstr16_gy_4585_45main
0x0519	0x3420 ;?ICS?lstr16_gy_4585_45main+0
0x051A	0x3420 ;?ICS?lstr16_gy_4585_45main+1
0x051B	0x3400 ;?ICS?lstr16_gy_4585_45main+2
; end of ?ICS?lstr16_gy_4585_45main
;gy-85-main.c,0 :: ?ICS?lstr20_gy_4585_45main
0x051C	0x3420 ;?ICS?lstr20_gy_4585_45main+0
0x051D	0x3420 ;?ICS?lstr20_gy_4585_45main+1
0x051E	0x3400 ;?ICS?lstr20_gy_4585_45main+2
; end of ?ICS?lstr20_gy_4585_45main
Symbol List:
//** Routines locations **
//ADDRESS    SIZE    PROCEDURE
//----------------------------------------------
0x0003      [15]    _I2C1_Is_Idle
0x0012      [28]    _Div_16x16_U
0x002E       [3]    _I2C1_Stop
0x0031      [10]    _UART1_Write
0x003B      [76]    _WordToStr
0x0087      [40]    _I2C1_Start
0x00AF      [32]    _I2C1_Rd
0x00CF      [22]    _I2C1_Wr
0x00E5      [27]    _UART1_Write_Text
0x0100      [15]    _HMC5883L_write
0x010F      [27]    _accel_Read_Byte
0x012A     [115]    _IntToStr
0x019D      [57]    _Gyro_Init
0x01D6      [94]    _Acc_Read
0x0234      [97]    _Gyro_Read
0x0295      [97]    _Magneto_Read
0x02F6      [19]    _UART1_Printf
0x0309      [17]    _Magneto_Init
0x031A      [80]    _Acc_Init
0x036A       [4]    _GY_85_Read
0x036E     [161]    _printf_result
0x040F       [4]    _GY_85_Init
0x0413      [10]    _I2C1_Init
0x041D       [9]    ___CC2DW
0x0426      [48]    _UART1_Init
0x0456      [81]    _main
//** Variables locations ** 
//ADDRESS    SIZE    VARIABLE
//----------------------------------------------
0x0000       [1]    INDF0
0x0001       [1]    INDF1
0x0003       [1]    STATUS
0x0004       [1]    FSR0L
0x0005       [1]    FSR0H
0x0006       [1]    FSR1L
0x0007       [1]    FSR1H
0x000A       [1]    PCLATH
0x0011       [1]    PIR1
0x0020       [3]    ?lstr11_gy_4585_45main
0x0023       [7]    ?lstr10_gy_4585_45main
0x002A       [3]    ?lstr9_gy_4585_45main
0x002D       [3]    ?lstr14_gy_4585_45main
0x0030       [3]    ?lstr13_gy_4585_45main
0x0033       [7]    ?lstr12_gy_4585_45main
0x003A       [3]    ?lstr6_gy_4585_45main
0x003D       [7]    ?lstr5_gy_4585_45main
0x0044       [3]    ?lstr4_gy_4585_45main
0x0047       [7]    ?lstr8_gy_4585_45main
0x004E       [3]    ?lstr7_gy_4585_45main
0x0051       [8]    ?lstr15_gy_4585_45main
0x0059      [14]    ?lstr22_gy_4585_45main
0x0067       [3]    ?lstr21_gy_4585_45main
0x006A       [3]    ?lstr16_gy_4585_45main
0x006D       [3]    ?lstr20_gy_4585_45main
0x0070       [1]    R0
0x0071       [1]    R1
0x0072       [1]    R2
0x0073       [1]    R3
0x0074       [1]    R4
0x0075       [1]    R5
0x0076       [1]    R6
0x0077       [1]    R7
0x0078       [1]    R8
0x0079       [1]    R9
0x007A       [1]    R10
0x007B       [1]    R11
0x007C       [1]    R12
0x007D       [1]    R13
0x007E       [1]    R14
0x007F       [1]    R15
0x008D       [1]    TRISB
0x008D       [0]    TRISB5_bit
0x008D       [0]    TRISB2_bit
0x008D       [0]    TRISB4_bit
0x008D       [0]    TRISB1_bit
0x0099       [1]    OSCCON
0x00A0       [8]    ?lstr17_gy_4585_45main
0x00A8       [8]    ?lstr19_gy_4585_45main
0x00B0       [3]    ?lstr18_gy_4585_45main
0x00B3       [7]    ?lstr1_gy_4585_45main
0x00BA       [7]    ?lstr3_gy_4585_45main
0x00C1       [3]    ?lstr2_gy_4585_45main
0x00C4       [6]    _magnetom
0x00CA       [4]    _UART_Wr_Ptr
0x00CE       [4]    _UART_Tx_Idle_Ptr
0x00D2       [4]    _UART_Rdy_Ptr
0x00D6       [4]    _UART_Rd_Ptr
0x00DA       [6]    _gyro
0x00E0       [6]    _accel
0x00E6       [4]    FARG_I2C1_Init_clock
0x00EA       [6]    Magneto_Read_buffer_L0
0x00EA       [2]    FARG_UART1_Printf_value
0x00EA       [6]    Gyro_Read_buffer_L0
0x00EA       [6]    Acc_Read_buffer_L0
0x011D       [0]    RXDTSEL_bit
0x011E       [0]    TXCKSEL_bit
0x0120       [7]    UART1_Printf_txt_L0
0x0127       [1]    FARG_accel_Read_Byte_address_sensor
0x0127       [2]    FARG_UART1_Write_Text_uart_text
0x0127       [1]    FARG_HMC5883L_write_reg_address
0x0127       [2]    FARG_IntToStr_input
0x0128       [1]    FARG_accel_Read_Byte_register_address
0x0128       [1]    FARG_HMC5883L_write_value
0x0129       [2]    FARG_IntToStr_output
0x0129       [1]    accel_Read_Byte_Data_Read_L0
0x0129       [1]    UART1_Write_Text_data__L0
0x012A       [1]    UART1_Write_Text_counter_L0
0x012B       [2]    IntToStr_i_L0
0x012D       [2]    IntToStr_negative_L0
0x012F       [2]    IntToStr_inword_L0
0x0131       [2]    FARG_WordToStr_input
0x0131       [1]    FARG_I2C1_Rd_ack
0x0131       [1]    FARG_I2C1_Wr_data_
0x0131       [1]    FARG_UART1_Write_data_
0x0131       [2]    I2C1_Start_j_L0
0x0133       [2]    FARG_WordToStr_output
0x0135       [1]    WordToStr_len_L0
0x0136       [2]    FLOC__WordToStr
0x018C       [1]    ANSELA
0x018D       [1]    ANSELB
0x0199       [1]    RCREG
0x019A       [1]    TXREG
0x019B       [2]    SPBRG
0x019C       [1]    SPBRGH
0x019D       [1]    RCSTA
0x019E       [1]    TXSTA
0x019F       [1]    BAUDCON
0x0211       [1]    SSP1BUF
0x0212       [1]    SSP1ADD
0x0214       [1]    SSP1STAT
0x0215       [1]    SSP1CON1
0x0216       [1]    SSP1CON2
//** Constants locations ** 
//ADDRESS    SIZE    CONSTANT
//----------------------------------------------
0x04AB       [3]    ?ICS?lstr11_gy_4585_45main
0x04AE       [7]    ?ICS?lstr10_gy_4585_45main
0x04B5       [3]    ?ICS?lstr9_gy_4585_45main
0x04B8       [3]    ?ICS?lstr14_gy_4585_45main
0x04BB       [3]    ?ICS?lstr13_gy_4585_45main
0x04BE       [7]    ?ICS?lstr12_gy_4585_45main
0x04C5       [3]    ?ICS?lstr6_gy_4585_45main
0x04C8       [7]    ?ICS?lstr5_gy_4585_45main
0x04CF       [3]    ?ICS?lstr4_gy_4585_45main
0x04D2       [7]    ?ICS?lstr8_gy_4585_45main
0x04D9       [3]    ?ICS?lstr7_gy_4585_45main
0x04DC       [8]    ?ICS?lstr15_gy_4585_45main
0x04E4      [14]    ?ICS?lstr22_gy_4585_45main
0x04F2       [3]    ?ICS?lstr21_gy_4585_45main
0x04F5       [8]    ?ICS?lstr19_gy_4585_45main
0x04FD       [3]    ?ICS?lstr18_gy_4585_45main
0x0500       [7]    ?ICS?lstr1_gy_4585_45main
0x0507       [7]    ?ICS?lstr3_gy_4585_45main
0x050E       [3]    ?ICS?lstr2_gy_4585_45main
0x0511       [8]    ?ICS?lstr17_gy_4585_45main
0x0519       [3]    ?ICS?lstr16_gy_4585_45main
0x051C       [3]    ?ICS?lstr20_gy_4585_45main
