0	1	mikroCPIC1618.exe -MSF -DBG -pP16F1827 -DL -O11111114 -fo20 -N"C:\Users\NEFT\Documents\GitHub\quadcopter-pic\prueba.mcppi" -SP"C:\Users\Public\Documents\Mikroelektronika\mikroC PRO for PIC\Defs\" -SP"C:\Users\Public\Documents\Mikroelektronika\mikroC PRO for PIC\Uses\P16_Enh\" -SP"C:\Users\NEFT\Documents\GitHub\quadcopter-pic\" -SP"C:\Users\NEFT\Documents\GitHub\quadcopter-pic\prueba\" "prueba.c" "__Lib_Math.mcl" "__Lib_MathDouble.mcl" "__Lib_System.mcl" "__Lib_Delays.mcl" "__Lib_CType.mcl" "__Lib_CString.mcl" "__Lib_CStdlib.mcl" "__Lib_CMath.mcl" "__Lib_MemManager.mcl" "__Lib_Conversions.mcl" "__Lib_Sprinti.mcl" "__Lib_Sprintl.mcl" "__Lib_Time.mcl" "__Lib_Trigonometry.mcl" "__Lib_Button.mcl" "__Lib_Keypad4x4.mcl" "__Lib_Manchester.mcl" "__Lib_OneWire.mcl" "__Lib_PS2.mcl" "__Lib_Sound.mcl" "__Lib_SoftI2C.mcl" "__Lib_SoftSPI.mcl" "__Lib_SoftUART.mcl" "__Lib_ADC.mcl" "__Lib_EEPROM.mcl" "__Lib_FLASH_rwe.mcl" "__Lib_I2C_b14b25.mcl" "__Lib_PWM_b36a34.mcl" "__Lib_SPI_b412_b52a0.mcl" "__Lib_UART_b21.mcl" "__Lib_PortExpander.mcl" "__Lib_CANSPI.mcl" "__Lib_CF.mcl" "__Lib_GlcdFonts.mcl" "__Lib_Glcd.mcl" "__Lib_LcdConsts.mcl" "__Lib_Lcd.mcl" "__Lib_RS485.mcl" "__Lib_S1D13700.mcl" "__Lib_T6963C.mcl" "__Lib_SPIGlcd.mcl" "__Lib_SPILcd.mcl" "__Lib_SPILcd8.mcl" "__Lib_SPIT6963C.mcl" "__Lib_TouchPanel.mcl"	 
hint: 0	1139	Available RAM: 368 [bytes], Available ROM: 4096 [bytes]	 
warning: 0	1507	Unknown pragma line ignored: ''	prueba.c
warning: 0	1507	Unknown pragma line ignored: ''	prueba.c
warning: 0	1507	Unknown pragma line ignored: ''	prueba.c
warning: 0	1507	Unknown pragma line ignored: ''	prueba.c
diagnostics: 0	122	Compilation Started	prueba.c
error: 18	402	; expected, but 'servo_active' found	prueba.c
error: 18	402	; expected, but '=' found	prueba.c
error: 18	371	Specifier needed	prueba.c
error: 18	396	Invalid declarator expected'(' or identifier	prueba.c
error: 19	402	; expected, but 'pulse' found	prueba.c
error: 19	402	; expected, but '=' found	prueba.c
error: 19	371	Specifier needed	prueba.c
error: 19	396	Invalid declarator expected'(' or identifier	prueba.c
error: 19	393	'' Identifier redefined	prueba.c
error: 20	402	; expected, but 'TMR0_ini' found	prueba.c
error: 20	393	'uint16' Identifier redefined	prueba.c
error: 20	312	Internal error ''	prueba.c
error: 0	102	Finished (with errors): 20 nov. 2016, 18:12:33	prueba.mcppi
