;  LST file generated by mikroListExporter - v.2.0 
; Date/Time: 22/11/2016 12:14:00 p. m.
;----------------------------------------------

;Address Opcode 	ASM
0x0000	0x28A6      	GOTO       166
_interrupt:
;pwm4m.c,11 :: 		void interrupt(void){
0x0004	0x0870      	MOVF       R0, 0
0x0005	0x0020      	MOVLB      0
0x0006	0x00A0      	MOVWF      32
;pwm4m.c,12 :: 		control_PWM++;                //Incremento cada rebose del timer0
0x0007	0x3180      	MOVLP      0
0x0008	0x0AA1      	INCF       _control_PWM, 1
;pwm4m.c,14 :: 		if (control_PWM==0){          //inicio del ciclo con todos los pulsos pwm a 1
0x0009	0x0821      	MOVF       _control_PWM, 0
0x000A	0x3A00      	XORLW      0
0x000B	0x1D03      	BTFSS      STATUS, 2
0x000C	0x2811      	GOTO       L_interrupt0
;pwm4m.c,15 :: 		M1=1;
0x000D	0x140D      	BSF        PORTB, 0
;pwm4m.c,16 :: 		M2=1;
0x000E	0x178C      	BSF        PORTA, 7
;pwm4m.c,17 :: 		M3=1;
0x000F	0x158C      	BSF        PORTA, 3
;pwm4m.c,18 :: 		M4=1;
0x0010	0x160C      	BSF        PORTA, 4
;pwm4m.c,20 :: 		}
L_interrupt0:
;pwm4m.c,22 :: 		if (control_PWM==PWM0) M1=0;
0x0011	0x0821      	MOVF       _control_PWM, 0
0x0012	0x062A      	XORWF      _PWM0, 0
0x0013	0x1D03      	BTFSS      STATUS, 2
0x0014	0x2816      	GOTO       L_interrupt1
0x0015	0x100D      	BCF        PORTB, 0
L_interrupt1:
;pwm4m.c,23 :: 		if (control_PWM==PWM1) M2=0;
0x0016	0x0821      	MOVF       _control_PWM, 0
0x0017	0x062B      	XORWF      _PWM1, 0
0x0018	0x1D03      	BTFSS      STATUS, 2
0x0019	0x281B      	GOTO       L_interrupt2
0x001A	0x138C      	BCF        PORTA, 7
L_interrupt2:
;pwm4m.c,24 :: 		if (control_PWM==PWM2) M3=0;
0x001B	0x0821      	MOVF       _control_PWM, 0
0x001C	0x0629      	XORWF      _PWM2, 0
0x001D	0x1D03      	BTFSS      STATUS, 2
0x001E	0x2820      	GOTO       L_interrupt3
0x001F	0x118C      	BCF        PORTA, 3
L_interrupt3:
;pwm4m.c,25 :: 		if (control_PWM==PWM3) M4=0;
0x0020	0x0821      	MOVF       _control_PWM, 0
0x0021	0x0633      	XORWF      _PWM3, 0
0x0022	0x1D03      	BTFSS      STATUS, 2
0x0023	0x2825      	GOTO       L_interrupt4
0x0024	0x120C      	BCF        PORTA, 4
L_interrupt4:
;pwm4m.c,27 :: 		TMR0= 254;                    //Carga del contador
0x0025	0x30FE      	MOVLW      254
0x0026	0x0095      	MOVWF      TMR0
;pwm4m.c,28 :: 		INTCON.TMR0IF=0;
0x0027	0x110B      	BCF        INTCON, 2
;pwm4m.c,29 :: 		}
L_end_interrupt:
L__interrupt13:
0x0028	0x0820      	MOVF       32, 0
0x0029	0x00F0      	MOVWF      R0
0x002A	0x0009      	RETFIE     %s
; end of _interrupt
_UART1_Write:
;__Lib_UART_b21.c,53 :: 		
;__Lib_UART_b21.c,54 :: 		
L_UART1_Write3:
0x002B	0x0023      	MOVLB      3
0x002C	0x189E      	BTFSC      TXSTA, 1
0x002D	0x2830      	GOTO       L_UART1_Write4
;__Lib_UART_b21.c,55 :: 		
0x002E	0x0000      	NOP
0x002F	0x282B      	GOTO       L_UART1_Write3
L_UART1_Write4:
;__Lib_UART_b21.c,56 :: 		
0x0030	0x0020      	MOVLB      0
0x0031	0x084A      	MOVF       FARG_UART1_Write_data_, 0
0x0032	0x0023      	MOVLB      3
0x0033	0x009A      	MOVWF      TXREG
;__Lib_UART_b21.c,57 :: 		
L_end_UART1_Write:
0x0034	0x0008      	RETURN
; end of _UART1_Write
_____DoIFC:
;__Lib_System.c,3 :: 		
;__Lib_System.c,4 :: 		
0x0035	0x0871      	MOVF       R1, 0
0x0036	0x008A      	MOVWF      PCLATH
;__Lib_System.c,5 :: 		
0x0037	0x0870      	MOVF       R0, 0
0x0038	0x0082      	MOVWF      PCL
;__Lib_System.c,6 :: 		
L_end_____DoIFC:
0x0039	0x0008      	RETURN
; end of _____DoIFC
_UART_Write:
;__Lib_UART_b21.c,114 :: 		
;__Lib_UART_b21.c,115 :: 		
0x003A	0x0020      	MOVLB      0
0x003B	0x0843      	MOVF       _UART_Wr_Ptr+2, 0
0x003C	0x0086      	MOVWF      FSR1
0x003D	0x0844      	MOVF       _UART_Wr_Ptr+3, 0
0x003E	0x0087      	MOVWF      FSR1H
0x003F	0x0849      	MOVF       FARG_UART_Write__data, 0
0x0040	0x0081      	MOVWF      INDF1
0x0041	0x3141      	ADDFSR     1, 1
0x0042	0x0841      	MOVF       _UART_Wr_Ptr, 0
0x0043	0x00F0      	MOVWF      R0
0x0044	0x0842      	MOVF       _UART_Wr_Ptr+1, 0
0x0045	0x00F1      	MOVWF      R1
0x0046	0x2035      	CALL       _____DoIFC
;__Lib_UART_b21.c,116 :: 		
L_end_UART_Write:
0x0047	0x0008      	RETURN
; end of _UART_Write
_UART1_Init:
;__Lib_UART_b21.c,12 :: 		
;__Lib_UART_b21.c,15 :: 		
0x0048	0x302B      	MOVLW      _UART1_Write
0x0049	0x0020      	MOVLB      0
0x004A	0x00C1      	MOVWF      _UART_Wr_Ptr
0x004B	0x3000      	MOVLW      hi_addr(_UART1_Write)
0x004C	0x00C2      	MOVWF      _UART_Wr_Ptr+1
0x004D	0x304A      	MOVLW      FARG_UART1_Write_data_
0x004E	0x00C3      	MOVWF      _UART_Wr_Ptr+2
0x004F	0x3000      	MOVLW      hi_addr(FARG_UART1_Write_data_)
0x0050	0x00C4      	MOVWF      _UART_Wr_Ptr+3
;__Lib_UART_b21.c,16 :: 		
0x0051	0x3078      	MOVLW      _UART1_Read
0x0052	0x00BC      	MOVWF      _UART_Rd_Ptr
0x0053	0x3000      	MOVLW      hi_addr(_UART1_Read)
0x0054	0x00BD      	MOVWF      _UART_Rd_Ptr+1
0x0055	0x3000      	MOVLW      0
0x0056	0x00BE      	MOVWF      _UART_Rd_Ptr+2
0x0057	0x3000      	MOVLW      0
0x0058	0x00BF      	MOVWF      _UART_Rd_Ptr+3
;__Lib_UART_b21.c,17 :: 		
0x0059	0x30FF      	MOVLW      _UART1_Data_Ready
0x005A	0x00B8      	MOVWF      _UART_Rdy_Ptr
0x005B	0x30FF      	MOVLW      hi_addr(_UART1_Data_Ready)
0x005C	0x00B9      	MOVWF      _UART_Rdy_Ptr+1
0x005D	0x3000      	MOVLW      0
0x005E	0x00BA      	MOVWF      _UART_Rdy_Ptr+2
0x005F	0x3000      	MOVLW      0
0x0060	0x00BB      	MOVWF      _UART_Rdy_Ptr+3
;__Lib_UART_b21.c,18 :: 		
0x0061	0x30FF      	MOVLW      _UART1_Tx_Idle
0x0062	0x00B4      	MOVWF      _UART_Tx_Idle_Ptr
0x0063	0x30FF      	MOVLW      hi_addr(_UART1_Tx_Idle)
0x0064	0x00B5      	MOVWF      _UART_Tx_Idle_Ptr+1
0x0065	0x3000      	MOVLW      0
0x0066	0x00B6      	MOVWF      _UART_Tx_Idle_Ptr+2
0x0067	0x3000      	MOVLW      0
0x0068	0x00B7      	MOVWF      _UART_Tx_Idle_Ptr+3
;__Lib_UART_b21.c,20 :: 		
0x0069	0x0023      	MOVLB      3
0x006A	0x169E      	BSF        TXSTA, 5
;__Lib_UART_b21.c,21 :: 		
0x006B	0x3090      	MOVLW      144
0x006C	0x009D      	MOVWF      RCSTA
;__Lib_UART_b21.c,22 :: 		
0x006D	0x0021      	MOVLB      1
0x006E	0x148D      	BSF        TRISB1_bit, BitPos(TRISB1_bit+0)
;__Lib_UART_b21.c,23 :: 		
0x006F	0x110D      	BCF        TRISB2_bit, BitPos(TRISB2_bit+0)
;__Lib_UART_b21.c,24 :: 		
L_UART1_Init0:
0x0070	0x0020      	MOVLB      0
0x0071	0x1E91      	BTFSS      PIR1, 5
0x0072	0x2877      	GOTO       L_UART1_Init1
;__Lib_UART_b21.c,25 :: 		
0x0073	0x0023      	MOVLB      3
0x0074	0x0819      	MOVF       RCREG, 0
0x0075	0x00F0      	MOVWF      R0
0x0076	0x2870      	GOTO       L_UART1_Init0
L_UART1_Init1:
;__Lib_UART_b21.c,26 :: 		
L_end_UART1_Init:
0x0077	0x0008      	RETURN
; end of _UART1_Init
_UART1_Read:
;__Lib_UART_b21.c,35 :: 		
;__Lib_UART_b21.c,38 :: 		
0x0078	0x0023      	MOVLB      3
0x0079	0x0819      	MOVF       RCREG, 0
0x007A	0x00F1      	MOVWF      R1
;__Lib_UART_b21.c,39 :: 		
0x007B	0x1C9D      	BTFSS      RCSTA, 1
0x007C	0x287F      	GOTO       L_UART1_Read2
;__Lib_UART_b21.c,40 :: 		
0x007D	0x121D      	BCF        RCSTA, 4
;__Lib_UART_b21.c,41 :: 		
0x007E	0x161D      	BSF        RCSTA, 4
;__Lib_UART_b21.c,42 :: 		
L_UART1_Read2:
;__Lib_UART_b21.c,43 :: 		
0x007F	0x0871      	MOVF       R1, 0
0x0080	0x00F0      	MOVWF      R0
;__Lib_UART_b21.c,44 :: 		
L_end_UART1_Read:
0x0081	0x0008      	RETURN
; end of _UART1_Read
_UART_Write_Text:
;__Lib_UART_b21.c,118 :: 		
;__Lib_UART_b21.c,119 :: 		
0x0082	0x0020      	MOVLB      0
0x0083	0x01C8      	CLRF       UART_Write_Text_counter_L0
;__Lib_UART_b21.c,121 :: 		
0x0084	0x0845      	MOVF       FARG_UART_Write_Text_uart_text, 0
0x0085	0x0084      	MOVWF      FSR0
0x0086	0x0846      	MOVF       FARG_UART_Write_Text_uart_text+1, 0
0x0087	0x0085      	MOVWF      FSR0H
0x0088	0x0800      	MOVF       INDF0, 0
0x0089	0x00C7      	MOVWF      UART_Write_Text_data__L0
;__Lib_UART_b21.c,122 :: 		
L_UART_Write_Text16:
0x008A	0x0847      	MOVF       UART_Write_Text_data__L0, 0
0x008B	0x3A00      	XORLW      0
0x008C	0x1903      	BTFSC      STATUS, 2
0x008D	0x289C      	GOTO       L_UART_Write_Text17
;__Lib_UART_b21.c,123 :: 		
0x008E	0x0847      	MOVF       UART_Write_Text_data__L0, 0
0x008F	0x00C9      	MOVWF      FARG_UART_Write__data
0x0090	0x203A      	CALL       _UART_Write
;__Lib_UART_b21.c,124 :: 		
0x0091	0x0020      	MOVLB      0
0x0092	0x0AC8      	INCF       UART_Write_Text_counter_L0, 1
;__Lib_UART_b21.c,125 :: 		
0x0093	0x0848      	MOVF       UART_Write_Text_counter_L0, 0
0x0094	0x0745      	ADDWF      FARG_UART_Write_Text_uart_text, 0
0x0095	0x0084      	MOVWF      FSR0
0x0096	0x3000      	MOVLW      0
0x0097	0x3D46      	ADDWFC     FARG_UART_Write_Text_uart_text+1, 0
0x0098	0x0085      	MOVWF      FSR0H
0x0099	0x0800      	MOVF       INDF0, 0
0x009A	0x00C7      	MOVWF      UART_Write_Text_data__L0
;__Lib_UART_b21.c,126 :: 		
0x009B	0x288A      	GOTO       L_UART_Write_Text16
L_UART_Write_Text17:
;__Lib_UART_b21.c,127 :: 		
L_end_UART_Write_Text:
0x009C	0x0008      	RETURN
; end of _UART_Write_Text
___CC2DW:
;__Lib_System.c,71 :: 		
;__Lib_System.c,73 :: 		
_CC2DL_Loop1:
;__Lib_System.c,74 :: 		
0x009D	0x0012      	MOVIW      FSR0++ 
;__Lib_System.c,75 :: 		
0x009E	0x001E      	MOVWI      FSR1++ 
;__Lib_System.c,76 :: 		
0x009F	0x03F0      	DECF       R0, 1
;__Lib_System.c,77 :: 		
0x00A0	0x1D03      	BTFSS      STATUS, 2
;__Lib_System.c,78 :: 		
0x00A1	0x289D      	GOTO       _CC2DL_Loop1
;__Lib_System.c,79 :: 		
0x00A2	0x03F1      	DECF       R1, 1
;__Lib_System.c,80 :: 		
0x00A3	0x1D03      	BTFSS      STATUS, 2
;__Lib_System.c,81 :: 		
0x00A4	0x289D      	GOTO       _CC2DL_Loop1
;__Lib_System.c,83 :: 		
L_end___CC2DW:
0x00A5	0x0008      	RETURN
; end of ___CC2DW
_main:
0x00A6	0x0020      	MOVLB      0
0x00A7	0x01A1      	CLRF       _control_PWM
0x00A8	0x3050      	MOVLW      80
0x00A9	0x00A2      	MOVWF      ?lstr1_pwm4m
0x00AA	0x3057      	MOVLW      87
0x00AB	0x00A3      	MOVWF      35
0x00AC	0x304D      	MOVLW      77
0x00AD	0x00A4      	MOVWF      36
0x00AE	0x302B      	MOVLW      43
0x00AF	0x00A5      	MOVWF      37
0x00B0	0x300A      	MOVLW      10
0x00B1	0x00A6      	MOVWF      38
0x00B2	0x300D      	MOVLW      13
0x00B3	0x00A7      	MOVWF      39
0x00B4	0x01A8      	CLRF       40
0x00B5	0x01A9      	CLRF       _PWM2
0x00B6	0x01AA      	CLRF       _PWM0
0x00B7	0x01AB      	CLRF       _PWM1
0x00B8	0x3050      	MOVLW      80
0x00B9	0x00AC      	MOVWF      ?lstr2_pwm4m
0x00BA	0x3057      	MOVLW      87
0x00BB	0x00AD      	MOVWF      45
0x00BC	0x304D      	MOVLW      77
0x00BD	0x00AE      	MOVWF      46
0x00BE	0x302D      	MOVLW      45
0x00BF	0x00AF      	MOVWF      47
0x00C0	0x300A      	MOVLW      10
0x00C1	0x00B0      	MOVWF      48
0x00C2	0x300D      	MOVLW      13
0x00C3	0x00B1      	MOVWF      49
0x00C4	0x01B2      	CLRF       50
0x00C5	0x01B3      	CLRF       _PWM3
;pwm4m.c,32 :: 		void main(){
;pwm4m.c,33 :: 		OSCCON=0b11110000;
0x00C6	0x30F0      	MOVLW      240
0x00C7	0x0021      	MOVLB      1
0x00C8	0x0099      	MOVWF      OSCCON
;pwm4m.c,34 :: 		ANSELA=0;
0x00C9	0x0023      	MOVLB      3
0x00CA	0x018C      	CLRF       ANSELA
;pwm4m.c,35 :: 		ANSELB=0;
0x00CB	0x018D      	CLRF       ANSELB
;pwm4m.c,36 :: 		TRISA=0;
0x00CC	0x0021      	MOVLB      1
0x00CD	0x018C      	CLRF       TRISA
;pwm4m.c,37 :: 		PORTA=0;
0x00CE	0x0020      	MOVLB      0
0x00CF	0x018C      	CLRF       PORTA
;pwm4m.c,38 :: 		TRISB=0;
0x00D0	0x0021      	MOVLB      1
0x00D1	0x018D      	CLRF       TRISB
;pwm4m.c,39 :: 		PORTB=0;
0x00D2	0x0020      	MOVLB      0
0x00D3	0x018D      	CLRF       PORTB
;pwm4m.c,40 :: 		TXCKSEL_bit=1;
0x00D4	0x0022      	MOVLB      2
0x00D5	0x141E      	BSF        TXCKSEL_bit, BitPos(TXCKSEL_bit+0)
;pwm4m.c,41 :: 		RXDTSEL_bit=1;
0x00D6	0x179D      	BSF        RXDTSEL_bit, BitPos(RXDTSEL_bit+0)
;pwm4m.c,42 :: 		OPTION_REG = 0x07;   // Pre-escalador (1:32) se le asigna al temporizador Timer0
0x00D7	0x3007      	MOVLW      7
0x00D8	0x0021      	MOVLB      1
0x00D9	0x0095      	MOVWF      OPTION_REG
;pwm4m.c,43 :: 		INTCON = 0xA0;       // Habilitada la generación de interrupción para el
0x00DA	0x30A0      	MOVLW      160
0x00DB	0x008B      	MOVWF      INTCON
;pwm4m.c,44 :: 		TMR0 = 254;          // Temporizador T0 cuenta de 155 a 255
0x00DC	0x30FE      	MOVLW      254
0x00DD	0x0020      	MOVLB      0
0x00DE	0x0095      	MOVWF      TMR0
;pwm4m.c,45 :: 		UART1_Init(9600);
0x00DF	0x0023      	MOVLB      3
0x00E0	0x159F      	BSF        BAUDCON, 3
0x00E1	0x3040      	MOVLW      64
0x00E2	0x009B      	MOVWF      SPBRG
0x00E3	0x3003      	MOVLW      3
0x00E4	0x009C      	MOVWF      SPBRG+1
0x00E5	0x151E      	BSF        TXSTA, 2
0x00E6	0x2048      	CALL       _UART1_Init
;pwm4m.c,46 :: 		TRISB2_bit = 1;     // only change if pin remap done
0x00E7	0x0021      	MOVLB      1
0x00E8	0x150D      	BSF        TRISB2_bit, BitPos(TRISB2_bit+0)
;pwm4m.c,47 :: 		TRISB5_bit = 0;     // only change if pin remap done
0x00E9	0x128D      	BCF        TRISB5_bit, BitPos(TRISB5_bit+0)
;pwm4m.c,48 :: 		Delay_ms(100);
0x00EA	0x3005      	MOVLW      5
0x00EB	0x00FB      	MOVWF      R11
0x00EC	0x300F      	MOVLW      15
0x00ED	0x00FC      	MOVWF      R12
0x00EE	0x30F1      	MOVLW      241
0x00EF	0x00FD      	MOVWF      R13
L_main5:
0x00F0	0x0BFD      	DECFSZ     R13, 1
0x00F1	0x28F0      	GOTO       L_main5
0x00F2	0x0BFC      	DECFSZ     R12, 1
0x00F3	0x28F0      	GOTO       L_main5
0x00F4	0x0BFB      	DECFSZ     R11, 1
0x00F5	0x28F0      	GOTO       L_main5
;pwm4m.c,49 :: 		PWM0 = 4;
0x00F6	0x3004      	MOVLW      4
0x00F7	0x0020      	MOVLB      0
0x00F8	0x00AA      	MOVWF      _PWM0
;pwm4m.c,50 :: 		PWM1 = 1;
0x00F9	0x3001      	MOVLW      1
0x00FA	0x00AB      	MOVWF      _PWM1
;pwm4m.c,51 :: 		PWM2 = 1;
0x00FB	0x3001      	MOVLW      1
0x00FC	0x00A9      	MOVWF      _PWM2
;pwm4m.c,52 :: 		PWM3 = 15 ;
0x00FD	0x300F      	MOVLW      15
0x00FE	0x00B3      	MOVWF      _PWM3
;pwm4m.c,53 :: 		while(1){
L_main6:
;pwm4m.c,55 :: 		control = UART1_Read();
0x00FF	0x2078      	CALL       _UART1_Read
0x0100	0x0870      	MOVF       R0, 0
0x0101	0x0020      	MOVLB      0
0x0102	0x00C0      	MOVWF      _control
;pwm4m.c,56 :: 		if(control == 'a'){
0x0103	0x0870      	MOVF       R0, 0
0x0104	0x3A61      	XORLW      97
0x0105	0x1D03      	BTFSS      STATUS, 2
0x0106	0x291C      	GOTO       L_main8
;pwm4m.c,57 :: 		UART_Write_Text("PWM+\n\r");
0x0107	0x3022      	MOVLW      ?lstr1_pwm4m
0x0108	0x00C5      	MOVWF      FARG_UART_Write_Text_uart_text
0x0109	0x3000      	MOVLW      hi_addr(?lstr1_pwm4m)
0x010A	0x00C6      	MOVWF      FARG_UART_Write_Text_uart_text+1
0x010B	0x2082      	CALL       _UART_Write_Text
;pwm4m.c,58 :: 		Delay_ms(100);
0x010C	0x3005      	MOVLW      5
0x010D	0x00FB      	MOVWF      R11
0x010E	0x300F      	MOVLW      15
0x010F	0x00FC      	MOVWF      R12
0x0110	0x30F1      	MOVLW      241
0x0111	0x00FD      	MOVWF      R13
L_main9:
0x0112	0x0BFD      	DECFSZ     R13, 1
0x0113	0x2912      	GOTO       L_main9
0x0114	0x0BFC      	DECFSZ     R12, 1
0x0115	0x2912      	GOTO       L_main9
0x0116	0x0BFB      	DECFSZ     R11, 1
0x0117	0x2912      	GOTO       L_main9
;pwm4m.c,59 :: 		PWM0++;                    //Impulso de 0,8 msg de pwm0 posición 0º
0x0118	0x0AAA      	INCF       _PWM0, 1
;pwm4m.c,60 :: 		PWM1++;                      //Impulso de 0,8 msg de pwm1 posición 0º
0x0119	0x0AAB      	INCF       _PWM1, 1
;pwm4m.c,61 :: 		PWM2++;                      //Impulso de 0,8 msg de pwm2 posición 0º
0x011A	0x0AA9      	INCF       _PWM2, 1
;pwm4m.c,62 :: 		PWM3++;                      //Impulso de 0,8 msg de pwm3 posición 0º
0x011B	0x0AB3      	INCF       _PWM3, 1
;pwm4m.c,64 :: 		}
L_main8:
;pwm4m.c,65 :: 		if(control == 'b'){
0x011C	0x0840      	MOVF       _control, 0
0x011D	0x3A62      	XORLW      98
0x011E	0x1D03      	BTFSS      STATUS, 2
0x011F	0x2935      	GOTO       L_main10
;pwm4m.c,66 :: 		UART_Write_Text("PWM-\n\r");
0x0120	0x302C      	MOVLW      ?lstr2_pwm4m
0x0121	0x00C5      	MOVWF      FARG_UART_Write_Text_uart_text
0x0122	0x3000      	MOVLW      hi_addr(?lstr2_pwm4m)
0x0123	0x00C6      	MOVWF      FARG_UART_Write_Text_uart_text+1
0x0124	0x2082      	CALL       _UART_Write_Text
;pwm4m.c,67 :: 		Delay_ms(100);
0x0125	0x3005      	MOVLW      5
0x0126	0x00FB      	MOVWF      R11
0x0127	0x300F      	MOVLW      15
0x0128	0x00FC      	MOVWF      R12
0x0129	0x30F1      	MOVLW      241
0x012A	0x00FD      	MOVWF      R13
L_main11:
0x012B	0x0BFD      	DECFSZ     R13, 1
0x012C	0x292B      	GOTO       L_main11
0x012D	0x0BFC      	DECFSZ     R12, 1
0x012E	0x292B      	GOTO       L_main11
0x012F	0x0BFB      	DECFSZ     R11, 1
0x0130	0x292B      	GOTO       L_main11
;pwm4m.c,68 :: 		PWM0--;                    //Impulso de 0,8 msg de pwm0 posición 0º
0x0131	0x03AA      	DECF       _PWM0, 1
;pwm4m.c,69 :: 		PWM1--;                      //Impulso de 0,8 msg de pwm1 posición 0º
0x0132	0x03AB      	DECF       _PWM1, 1
;pwm4m.c,70 :: 		PWM2--;                      //Impulso de 0,8 msg de pwm2 posición 0º
0x0133	0x03A9      	DECF       _PWM2, 1
;pwm4m.c,71 :: 		PWM3--;                      //Impulso de 0,8 msg de pwm3 posición 0º
0x0134	0x03B3      	DECF       _PWM3, 1
;pwm4m.c,73 :: 		}
L_main10:
;pwm4m.c,74 :: 		}
0x0135	0x28FF      	GOTO       L_main6
;pwm4m.c,75 :: 		}
L_end_main:
0x0136	0x2936      	GOTO       $+0
; end of _main
Symbol List:
//** Routines locations **
//ADDRESS    SIZE    PROCEDURE
//----------------------------------------------
0x0004      [39]    _interrupt
0x002B      [10]    _UART1_Write
0x0035       [5]    _____DoIFC
0x003A      [14]    _UART_Write
0x0048      [48]    _UART1_Init
0x0078      [10]    _UART1_Read
0x0082      [27]    _UART_Write_Text
0x009D       [9]    ___CC2DW
0x00A6     [145]    _main
//** Variables locations ** 
//ADDRESS    SIZE    VARIABLE
//----------------------------------------------
0x0000       [1]    INDF0
0x0001       [1]    INDF1
0x0002       [1]    PCL
0x0003       [1]    STATUS
0x0004       [1]    FSR0L
0x0005       [1]    FSR0H
0x0006       [1]    FSR1L
0x0006       [2]    FSR1
0x0007       [1]    FSR1H
0x000A       [1]    PCLATH
0x000B       [1]    INTCON
0x000C       [1]    PORTA
0x000D       [1]    PORTB
0x0011       [1]    PIR1
0x0015       [1]    TMR0
0x0021       [1]    _control_PWM
0x0022       [7]    ?lstr1_pwm4m
0x0029       [1]    _PWM2
0x002A       [1]    _PWM0
0x002B       [1]    _PWM1
0x002C       [7]    ?lstr2_pwm4m
0x0033       [1]    _PWM3
0x0034       [4]    _UART_Tx_Idle_Ptr
0x0038       [4]    _UART_Rdy_Ptr
0x003C       [4]    _UART_Rd_Ptr
0x0040       [1]    _control
0x0041       [4]    _UART_Wr_Ptr
0x0045       [2]    FARG_UART_Write_Text_uart_text
0x0047       [1]    UART_Write_Text_data__L0
0x0048       [1]    UART_Write_Text_counter_L0
0x0049       [1]    FARG_UART_Write__data
0x004A       [1]    FARG_UART1_Write_data_
0x0070       [1]    R0
0x0071       [1]    R1
0x0072       [1]    R2
0x0073       [1]    R3
0x0074       [1]    R4
0x0075       [1]    R5
0x0076       [1]    R6
0x0077       [1]    R7
0x0078       [1]    R8
0x0079       [1]    R9
0x007A       [1]    R10
0x007B       [1]    R11
0x007C       [1]    R12
0x007D       [1]    R13
0x007E       [1]    R14
0x007F       [1]    R15
0x008C       [1]    TRISA
0x008D       [0]    TRISB5_bit
0x008D       [0]    TRISB1_bit
0x008D       [0]    TRISB2_bit
0x008D       [1]    TRISB
0x0095       [1]    OPTION_REG
0x0099       [1]    OSCCON
0x011D       [0]    RXDTSEL_bit
0x011E       [0]    TXCKSEL_bit
0x018C       [1]    ANSELA
0x018D       [1]    ANSELB
0x0199       [1]    RCREG
0x019A       [1]    TXREG
0x019B       [2]    SPBRG
0x019C       [1]    SPBRGH
0x019D       [1]    RCSTA
0x019E       [1]    TXSTA
0x019F       [1]    BAUDCON
